2023-11-04 11:15:20,658 [INFO] Activator:176 - 


2023-11-04 11:15:20,664 [INFO] Activator:177 - !SESSION log4j initialized
2023-11-04 11:15:27,931 [INFO] LogOutputStream:77 - [STDOUT_REDIRECT] 
2023-11-04 11:15:53,699 [ERROR] LogOutputStream:75 - [STDERR_REDIRECT] SLF4J: Failed to load class "org.slf4j.impl.StaticLoggerBinder".
2023-11-04 11:15:53,701 [ERROR] LogOutputStream:75 - [STDERR_REDIRECT] SLF4J: Defaulting to no-operation (NOP) logger implementation
2023-11-04 11:15:53,707 [ERROR] LogOutputStream:75 - [STDERR_REDIRECT] SLF4J: See http://www.slf4j.org/codes.html#StaticLoggerBinder for further details.
2023-11-04 11:19:35,931 [INFO] ApplicationProperties:184 - Using Application install path: C:\ST\STM32CubeIDE_1.12.1\STM32CubeIDE\plugins\com.st.stm32cube.common.mx_6.8.1.202304191431
2023-11-04 11:19:35,974 [INFO] DbMcusXml:78 - Set database path to: C:\ST\STM32CubeIDE_1.12.1\STM32CubeIDE\plugins\com.st.stm32cube.common.mx_6.8.1.202304191431\\db\/mcu/
2023-11-04 11:19:35,975 [INFO] ApiDb:274 - Set plugin database path to: C:\ST\STM32CubeIDE_1.12.1\STM32CubeIDE\plugins\com.st.stm32cube.common.mx_6.8.1.202304191431\\db\/plugins/boardmanager/
2023-11-04 11:19:35,978 [WARN] ApiDb:259 - Overriding images path with different value:  => C:\ST\STM32CubeIDE_1.12.1\STM32CubeIDE\plugins\com.st.stm32cube.common.mx_6.8.1.202304191431\\db\/plugins/mcufinder/images/
2023-11-04 11:19:36,026 [INFO] ApiDb:250 - Set database path to: C:\Users\Admin\.stmcufinder\plugins\mcufinder//mcu/
2023-11-04 11:19:36,031 [INFO] DbMcusAds:125 - Set database path to: C:\Users\Admin\.stmcufinder\plugins\mcufinder//mcu/
2023-11-04 11:19:36,055 [INFO] CrossReferenceDbSqlite:203 - Set database path to: C:\Users\Admin\.stmcufinder\plugins\mcufinder//mcu/cs/
2023-11-04 11:19:36,374 [INFO] RulesReader:64 - Compatibility file has been processed (293 Rules)
2023-11-04 11:19:36,583 [INFO] DbMcusXml:78 - Set database path to: C:\ST\STM32CubeIDE_1.12.1\STM32CubeIDE\plugins\com.st.stm32cube.common.mx_6.8.1.202304191431\\db\/mcu/
2023-11-04 11:19:36,583 [INFO] ApiDb:274 - Set plugin database path to: C:\ST\STM32CubeIDE_1.12.1\STM32CubeIDE\plugins\com.st.stm32cube.common.mx_6.8.1.202304191431\\db\/plugins/boardmanager/
2023-11-04 11:19:36,584 [INFO] ApiDb:261 - Set plugin images path to: C:\ST\STM32CubeIDE_1.12.1\STM32CubeIDE\plugins\com.st.stm32cube.common.mx_6.8.1.202304191431\\db\/plugins/mcufinder/images/
2023-11-04 11:19:36,585 [WARN] DbFile:41 - Overriding database path with different value: C:\Users\Admin\.stmcufinder\plugins\mcufinder/ => C:\Users\Admin\.stmcufinder\plugins\mcufinder
2023-11-04 11:19:36,585 [INFO] ApiDb:250 - Set database path to: C:\Users\Admin\.stmcufinder\plugins\mcufinder//mcu/
2023-11-04 11:19:36,585 [WARN] DbFile:41 - Overriding database path with different value: C:\Users\Admin\.stmcufinder\plugins\mcufinder/ => C:\Users\Admin\.stmcufinder\plugins\mcufinder
2023-11-04 11:19:36,585 [INFO] DbMcusAds:125 - Set database path to: C:\Users\Admin\.stmcufinder\plugins\mcufinder//mcu/
2023-11-04 11:19:36,585 [WARN] DbFile:41 - Overriding database path with different value: C:\Users\Admin\.stmcufinder\plugins\mcufinder/ => C:\Users\Admin\.stmcufinder\plugins\mcufinder
2023-11-04 11:19:36,585 [WARN] DbFile:41 - Overriding database path with different value: C:\Users\Admin\.stmcufinder\plugins\mcufinder/ => C:\Users\Admin\.stmcufinder\plugins\mcufinder
2023-11-04 11:19:36,586 [INFO] CrossReferenceDbSqlite:203 - Set database path to: C:\Users\Admin\.stmcufinder\plugins\mcufinder//mcu/cs/
2023-11-04 11:19:36,783 [INFO] MainPanel:253 - HeapMemory: 479199232
2023-11-04 11:19:36,963 [INFO] DbMcusXml:78 - Set database path to: C:\ST\STM32CubeIDE_1.12.1\STM32CubeIDE\plugins\com.st.stm32cube.common.mx_6.8.1.202304191431\\db\/mcu/
2023-11-04 11:19:36,963 [INFO] ApiDb:274 - Set plugin database path to: C:\ST\STM32CubeIDE_1.12.1\STM32CubeIDE\plugins\com.st.stm32cube.common.mx_6.8.1.202304191431\\db\/plugins/boardmanager/
2023-11-04 11:19:36,963 [INFO] ApiDb:261 - Set plugin images path to: C:\ST\STM32CubeIDE_1.12.1\STM32CubeIDE\plugins\com.st.stm32cube.common.mx_6.8.1.202304191431\\db\/plugins/mcufinder/images/
2023-11-04 11:19:36,965 [WARN] DbFile:41 - Overriding database path with different value: C:\Users\Admin\.stmcufinder\plugins\mcufinder/ => C:\Users\Admin\.stmcufinder\plugins\mcufinder
2023-11-04 11:19:36,965 [INFO] ApiDb:250 - Set database path to: C:\Users\Admin\.stmcufinder\plugins\mcufinder//mcu/
2023-11-04 11:19:36,965 [WARN] DbFile:41 - Overriding database path with different value: C:\Users\Admin\.stmcufinder\plugins\mcufinder/ => C:\Users\Admin\.stmcufinder\plugins\mcufinder
2023-11-04 11:19:36,965 [INFO] DbMcusAds:125 - Set database path to: C:\Users\Admin\.stmcufinder\plugins\mcufinder//mcu/
2023-11-04 11:19:36,966 [WARN] DbFile:41 - Overriding database path with different value: C:\Users\Admin\.stmcufinder\plugins\mcufinder/ => C:\Users\Admin\.stmcufinder\plugins\mcufinder
2023-11-04 11:19:36,966 [WARN] DbFile:41 - Overriding database path with different value: C:\Users\Admin\.stmcufinder\plugins\mcufinder/ => C:\Users\Admin\.stmcufinder\plugins\mcufinder
2023-11-04 11:19:36,967 [INFO] CrossReferenceDbSqlite:203 - Set database path to: C:\Users\Admin\.stmcufinder\plugins\mcufinder//mcu/cs/
2023-11-04 11:19:37,004 [INFO] ApplicationProperties:184 - Using Application install path: C:\ST\STM32CubeIDE_1.12.1\STM32CubeIDE\plugins\com.st.stm32cube.common.mx_6.8.1.202304191431
2023-11-04 11:19:37,007 [INFO] PluginManage:196 - Search for loadable plugins [exclusion list=, ]
2023-11-04 11:19:37,010 [INFO] PluginManage:310 - Check plugin analytics
2023-11-04 11:19:37,296 [INFO] AnalyticsPlugin:253 - Accepted Software Licenses: STM32CubeMX.6.8.1
2023-11-04 11:19:37,299 [INFO] AnalyticsPlugin:255 - Accepted CMSIS Pack Licenses: 
2023-11-04 11:19:37,300 [INFO] AnalyticsPlugin:257 - Accepted Firmware Licenses: FW.F4.1.27.0
2023-11-04 11:19:37,322 [INFO] PluginManage:359 - Loaded plugin analytics (category:tool,tabindex:-1)
2023-11-04 11:19:37,322 [INFO] PluginManage:310 - Check plugin cadmodel
2023-11-04 11:19:37,353 [INFO] CADModel:105 - Init CAD model plugin
2023-11-04 11:19:37,353 [INFO] PluginManage:359 - Loaded plugin cadmodel (category:power,tabindex:5)
2023-11-04 11:19:37,354 [INFO] PluginManage:310 - Check plugin clock
2023-11-04 11:19:37,401 [INFO] PluginManage:359 - Loaded plugin clock (category:base,tabindex:2)
2023-11-04 11:19:37,401 [INFO] PluginManage:310 - Check plugin ddr
2023-11-04 11:19:37,407 [INFO] PluginManage:359 - Loaded plugin ddr (category:tool,tabindex:6)
2023-11-04 11:19:37,407 [INFO] PluginManage:310 - Check plugin filemanager
2023-11-04 11:19:37,696 [INFO] PluginManage:359 - Loaded plugin filemanager (category:base,tabindex:10)
2023-11-04 11:19:37,697 [INFO] PluginManage:310 - Check plugin ipmanager
2023-11-04 11:19:37,715 [INFO] PluginManage:359 - Loaded plugin ipmanager (category:base,tabindex:5)
2023-11-04 11:19:37,715 [INFO] PluginManage:310 - Check plugin lpbam
2023-11-04 11:19:37,760 [INFO] PluginManage:359 - Loaded plugin lpbam (category:base,tabindex:0)
2023-11-04 11:19:37,760 [INFO] PluginManage:310 - Check plugin pinoutandconfiguration
2023-11-04 11:19:37,807 [INFO] PluginManage:359 - Loaded plugin pinoutandconfiguration (category:base,tabindex:1)
2023-11-04 11:19:37,807 [INFO] PluginManage:310 - Check plugin pinoutconfig
2023-11-04 11:19:37,977 [WARN] SupportedApi:132 - Cannot load RTOS API schema: s4s-elt-must-match.1: The content of 'definitions' must match (annotation?, (simpleType | complexType)?, (unique | key | keyref)*)). A problem was found starting at: attribute.
2023-11-04 11:19:38,386 [INFO] PluginManage:359 - Loaded plugin pinoutconfig (category:base,tabindex:0)
2023-11-04 11:19:38,386 [INFO] PluginManage:310 - Check plugin power
2023-11-04 11:19:38,449 [INFO] PluginManage:359 - Loaded plugin power (category:power,tabindex:4)
2023-11-04 11:19:38,450 [INFO] PluginManage:310 - Check plugin projectmanager
2023-11-04 11:19:38,488 [INFO] PluginManage:359 - Loaded plugin projectmanager (category:projectmanager,tabindex:3)
2023-11-04 11:19:38,488 [INFO] PluginManage:310 - Check plugin thirdparty
2023-11-04 11:19:39,098 [INFO] PluginManage:359 - Loaded plugin thirdparty (category:base,tabindex:-1)
2023-11-04 11:19:39,098 [WARN] IntegrityCheckThread:84 - waiting for thirdparty lock release [integrity check]
2023-11-04 11:19:39,099 [INFO] PluginManage:310 - Check plugin tools
2023-11-04 11:19:39,099 [INFO] IntegrityCheckThread:86 - entering critical section [integrity check]
2023-11-04 11:19:39,102 [INFO] ThirdPartyUpdaterWithRetryManager:70 - Updater plugin not ready yet. [1/15]
2023-11-04 11:19:39,148 [INFO] PluginManage:359 - Loaded plugin tools (category:base,tabindex:7)
2023-11-04 11:19:39,149 [INFO] PluginManage:310 - Check plugin tutovideos
2023-11-04 11:19:39,626 [INFO] PluginManage:359 - Loaded plugin tutovideos (category:base,tabindex:-1)
2023-11-04 11:19:39,627 [INFO] PluginManage:310 - Check plugin updater
2023-11-04 11:19:39,665 [INFO] PluginManage:359 - Loaded plugin updater (category:base,tabindex:12)
2023-11-04 11:19:39,667 [INFO] PluginManage:283 - PluginManage : Loaded plugins [15]
2023-11-04 11:19:40,268 [INFO] PinOutPanel:1499 - setPackage(No Configuration,No Configuration)
2023-11-04 11:19:40,403 [INFO] CADModel:165 - CPN selected for project level
2023-11-04 11:19:40,404 [INFO] CADModel:114 - Register for checkConnection events
2023-11-04 11:19:40,462 [INFO] IPUIPlugin:80 - create IPUIPlugin
2023-11-04 11:19:40,462 [INFO] PluginManager:220 - loadIPPluginJar : add adc
2023-11-04 11:19:40,570 [INFO] IPUIPlugin:80 - create IPUIPlugin
2023-11-04 11:19:40,571 [INFO] PluginManager:220 - loadIPPluginJar : add aes
2023-11-04 11:19:40,720 [INFO] IPUIPlugin:80 - create IPUIPlugin
2023-11-04 11:19:40,720 [INFO] PluginManager:220 - loadIPPluginJar : add can
2023-11-04 11:19:40,796 [INFO] IPUIPlugin:80 - create IPUIPlugin
2023-11-04 11:19:40,797 [INFO] PluginManager:220 - loadIPPluginJar : add comp
2023-11-04 11:19:40,891 [INFO] IPUIPlugin:80 - create IPUIPlugin
2023-11-04 11:19:40,892 [INFO] PluginManager:220 - loadIPPluginJar : add cryp
2023-11-04 11:19:41,000 [INFO] IPUIPlugin:80 - create IPUIPlugin
2023-11-04 11:19:41,000 [INFO] PluginManager:220 - loadIPPluginJar : add dfsdm
2023-11-04 11:19:41,043 [INFO] IPUIPlugin:80 - create IPUIPlugin
2023-11-04 11:19:41,044 [INFO] PluginManager:220 - loadIPPluginJar : add dma
2023-11-04 11:19:41,150 [INFO] IPUIPlugin:80 - create IPUIPlugin
2023-11-04 11:19:41,151 [INFO] PluginManager:220 - loadIPPluginJar : add dma3
2023-11-04 11:19:41,205 [INFO] IPUIPlugin:80 - create IPUIPlugin
2023-11-04 11:19:41,205 [INFO] PluginManager:220 - loadIPPluginJar : add fatfs
2023-11-04 11:19:41,321 [INFO] IPUIPlugin:80 - create IPUIPlugin
2023-11-04 11:19:41,321 [INFO] PluginManager:220 - loadIPPluginJar : add fmc
2023-11-04 11:19:41,365 [INFO] IPUIPlugin:80 - create IPUIPlugin
2023-11-04 11:19:41,365 [INFO] PluginManager:220 - loadIPPluginJar : add freertos
2023-11-04 11:19:41,419 [INFO] IPUIPlugin:80 - create IPUIPlugin
2023-11-04 11:19:41,419 [INFO] PluginManager:220 - loadIPPluginJar : add genericplugin
2023-11-04 11:19:41,651 [INFO] IPUIPlugin:80 - create IPUIPlugin
2023-11-04 11:19:41,651 [INFO] PluginManager:220 - loadIPPluginJar : add gfxmmu
2023-11-04 11:19:41,982 [INFO] IPUIPlugin:80 - create IPUIPlugin
2023-11-04 11:19:41,983 [INFO] PluginManager:220 - loadIPPluginJar : add gic
2023-11-04 11:19:42,019 [INFO] IPUIPlugin:80 - create IPUIPlugin
2023-11-04 11:19:42,020 [INFO] PluginManager:220 - loadIPPluginJar : add gpio
2023-11-04 11:19:42,103 [INFO] ThirdPartyUpdaterWithRetryManager:70 - Updater plugin not ready yet. [2/15]
2023-11-04 11:19:42,252 [INFO] IPUIPlugin:80 - create IPUIPlugin
2023-11-04 11:19:42,253 [INFO] PluginManager:220 - loadIPPluginJar : add gtzc
2023-11-04 11:19:42,336 [INFO] IPUIPlugin:80 - create IPUIPlugin
2023-11-04 11:19:42,336 [INFO] PluginManager:220 - loadIPPluginJar : add hash
2023-11-04 11:19:42,482 [INFO] IPUIPlugin:80 - create IPUIPlugin
2023-11-04 11:19:42,482 [INFO] PluginManager:220 - loadIPPluginJar : add i2c
2023-11-04 11:19:42,615 [INFO] IPUIPlugin:80 - create IPUIPlugin
2023-11-04 11:19:42,615 [INFO] PluginManager:220 - loadIPPluginJar : add i2s
2023-11-04 11:19:42,757 [INFO] IPUIPlugin:80 - create IPUIPlugin
2023-11-04 11:19:42,757 [INFO] PluginManager:220 - loadIPPluginJar : add i3c
2023-11-04 11:19:43,076 [INFO] IPUIPlugin:80 - create IPUIPlugin
2023-11-04 11:19:43,077 [INFO] PluginManager:220 - loadIPPluginJar : add ipddr
2023-11-04 11:19:43,307 [INFO] IPUIPlugin:80 - create IPUIPlugin
2023-11-04 11:19:43,307 [INFO] PluginManager:220 - loadIPPluginJar : add linkedlist
2023-11-04 11:19:43,396 [INFO] IPUIPlugin:80 - create IPUIPlugin
2023-11-04 11:19:43,396 [INFO] PluginManager:220 - loadIPPluginJar : add lorawan
2023-11-04 11:19:43,486 [INFO] IPUIPlugin:80 - create IPUIPlugin
2023-11-04 11:19:43,487 [INFO] PluginManager:220 - loadIPPluginJar : add ltdc
2023-11-04 11:19:43,539 [INFO] IPUIPlugin:80 - create IPUIPlugin
2023-11-04 11:19:43,540 [INFO] PluginManager:220 - loadIPPluginJar : add mdma
2023-11-04 11:19:43,581 [INFO] IPUIPlugin:80 - create IPUIPlugin
2023-11-04 11:19:43,581 [INFO] PluginManager:220 - loadIPPluginJar : add nvic
2023-11-04 11:19:43,694 [INFO] IPUIPlugin:80 - create IPUIPlugin
2023-11-04 11:19:43,694 [INFO] PluginManager:220 - loadIPPluginJar : add opamp
2023-11-04 11:19:43,902 [INFO] IPUIPlugin:80 - create IPUIPlugin
2023-11-04 11:19:43,902 [INFO] PluginManager:220 - loadIPPluginJar : add openamp
2023-11-04 11:19:44,043 [INFO] IPUIPlugin:80 - create IPUIPlugin
2023-11-04 11:19:44,043 [INFO] PluginManager:220 - loadIPPluginJar : add pdm2pcm
2023-11-04 11:19:44,089 [INFO] IPUIPlugin:80 - create IPUIPlugin
2023-11-04 11:19:44,099 [INFO] PluginManager:220 - loadIPPluginJar : add plateformsettings
2023-11-04 11:19:44,170 [INFO] IPUIPlugin:80 - create IPUIPlugin
2023-11-04 11:19:44,170 [INFO] PluginManager:220 - loadIPPluginJar : add quadspi
2023-11-04 11:19:44,218 [INFO] IPUIPlugin:80 - create IPUIPlugin
2023-11-04 11:19:44,218 [INFO] PluginManager:220 - loadIPPluginJar : add resmgrutility
2023-11-04 11:19:44,378 [INFO] IPUIPlugin:80 - create IPUIPlugin
2023-11-04 11:19:44,379 [INFO] PluginManager:220 - loadIPPluginJar : add sai
2023-11-04 11:19:44,499 [INFO] IPUIPlugin:80 - create IPUIPlugin
2023-11-04 11:19:44,500 [INFO] PluginManager:220 - loadIPPluginJar : add spi
2023-11-04 11:19:44,653 [INFO] IPUIPlugin:80 - create IPUIPlugin
2023-11-04 11:19:44,653 [INFO] PluginManager:220 - loadIPPluginJar : add stm32_wpan
2023-11-04 11:19:44,711 [INFO] IPUIPlugin:80 - create IPUIPlugin
2023-11-04 11:19:44,712 [INFO] PluginManager:220 - loadIPPluginJar : add tim
2023-11-04 11:19:44,853 [INFO] IPUIPlugin:80 - create IPUIPlugin
2023-11-04 11:19:44,853 [INFO] PluginManager:220 - loadIPPluginJar : add touchsensing
2023-11-04 11:19:44,912 [INFO] IPUIPlugin:80 - create IPUIPlugin
2023-11-04 11:19:44,912 [INFO] PluginManager:220 - loadIPPluginJar : add tracer_emb
2023-11-04 11:19:44,973 [INFO] IPUIPlugin:80 - create IPUIPlugin
2023-11-04 11:19:44,974 [INFO] PluginManager:220 - loadIPPluginJar : add ts
2023-11-04 11:19:45,027 [INFO] IPUIPlugin:80 - create IPUIPlugin
2023-11-04 11:19:45,027 [INFO] PluginManager:220 - loadIPPluginJar : add tsc
2023-11-04 11:19:45,080 [INFO] IPUIPlugin:80 - create IPUIPlugin
2023-11-04 11:19:45,081 [INFO] PluginManager:220 - loadIPPluginJar : add ucpd
2023-11-04 11:19:45,116 [INFO] ThirdPartyUpdaterWithRetryManager:70 - Updater plugin not ready yet. [3/15]
2023-11-04 11:19:45,212 [INFO] IPUIPlugin:80 - create IPUIPlugin
2023-11-04 11:19:45,212 [INFO] PluginManager:220 - loadIPPluginJar : add usart
2023-11-04 11:19:45,316 [INFO] IPUIPlugin:80 - create IPUIPlugin
2023-11-04 11:19:45,316 [INFO] PluginManager:220 - loadIPPluginJar : add usbx
2023-11-04 11:19:45,577 [INFO] CADModel:165 - CPN selected for project level
2023-11-04 11:19:45,577 [INFO] CADModel:114 - Register for checkConnection events
2023-11-04 11:19:45,578 [FATAL] Updater:308 - Updater called before beeing initialized
2023-11-04 11:19:45,579 [ERROR] CADModel:125 - Updater not yet initialized, retry later 
2023-11-04 11:19:46,056 [INFO] CADModel:165 - CPN selected for project level
2023-11-04 11:19:46,057 [INFO] CADModel:114 - Register for checkConnection events
2023-11-04 11:19:46,057 [FATAL] Updater:308 - Updater called before beeing initialized
2023-11-04 11:19:46,057 [ERROR] CADModel:125 - Updater not yet initialized, retry later 
2023-11-04 11:19:46,068 [FATAL] Updater:308 - Updater called before beeing initialized
2023-11-04 11:19:46,468 [FATAL] Updater:308 - Updater called before beeing initialized
2023-11-04 11:19:46,510 [INFO] DbMcusAds:53 - JSON generation date=Tue Mar 07 15:50:55 ICT 2023 (1678179055335)
2023-11-04 11:19:46,511 [FATAL] Updater:308 - Updater called before beeing initialized
2023-11-04 11:19:46,693 [WARN] DetailPanel:346 - Failed to get advertising image, set to default
2023-11-04 11:19:47,150 [FATAL] Updater:308 - Updater called before beeing initialized
2023-11-04 11:19:47,160 [FATAL] Updater:308 - Updater called before beeing initialized
2023-11-04 11:19:47,160 [FATAL] Updater:308 - Updater called before beeing initialized
2023-11-04 11:19:47,160 [WARN] DetailPanel:346 - Failed to get advertising image, set to default
2023-11-04 11:19:47,163 [FATAL] Updater:308 - Updater called before beeing initialized
2023-11-04 11:19:47,385 [ERROR] Updater:1120 - MainUpdater not yet initialized. External WinMGr cannot be set.
2023-11-04 11:19:47,413 [INFO] Updater:1056 - Updater Version found : 6.8.1
2023-11-04 11:19:47,471 [INFO] ApplicationProperties:184 - Using Application install path: C:\ST\STM32CubeIDE_1.12.1\STM32CubeIDE\plugins\com.st.stm32cube.common.mx_6.8.1.202304191431
2023-11-04 11:19:48,021 [INFO] MainUpdater:2854 - connection check result : 10
2023-11-04 11:19:48,024 [INFO] MainUpdater:283 - Updater Check For Update Now.
2023-11-04 11:19:48,024 [INFO] MicroXplorer:498 - Change Database Version : DB.6.0.81
2023-11-04 11:19:48,156 [WARN] MainUpdater:1187 - Updater busy. Cannot search thirdparties
2023-11-04 11:19:48,157 [INFO] ThirdPartyUpdaterWithRetryManager:96 - Updater plugin is busy. [1/15]
2023-11-04 11:19:48,514 [INFO] CheckServerUpdateThread:120 - End of CheckServer Thread
2023-11-04 11:19:48,600 [INFO] MainUpdater:2854 - connection check result : 10
2023-11-04 11:19:50,354 [INFO] ApiDb:581 - Connected to CubeFinder SQLite database (C:\Users\Admin\.stmcufinder\plugins\mcufinder\mcu\cube-finder-db.db)
2023-11-04 11:19:50,680 [INFO] ApiDb:668 - CubeFinder database Data Model version=2.1
2023-11-04 11:19:50,681 [INFO] ApiDb:669 - CubeFinder database Configuration version=3.0.37
2023-11-04 11:19:50,682 [INFO] ApiDb:670 - CubeFinder database generation date=2023-10-13 (1697197505)
2023-11-04 11:19:50,683 [INFO] ApiDb:671 - CubeFinder database FW Pack versions=[FP-ATR-ASTRA1_V2.0.0, FP-SNS-FLIGHT1_V5.0.1, FP-SNS-FLIGHT1_V5.0.2, FP-SNS-MOTENV1_V4.3.1, FP-SNS-MOTENV1_V4.3.2, FP-SNS-SMARTAG2_V1.2.0, I-CUBE-ITTIADB_V8.6.3-1, STM32Cube_FW_C0_V1.1.0, STM32Cube_FW_F4_V1.27.1, STM32Cube_FW_F7_V1.17.0, STM32Cube_FW_G0_V1.6.1, STM32Cube_FW_G4_V1.5.1, STM32Cube_FW_H5_V0.5.1, STM32Cube_FW_H5_V1.1.1, STM32Cube_FW_H7_V1.11.0, STM32Cube_FW_L0_V1.12.2, STM32Cube_FW_L5_V1.5.0, STM32Cube_FW_U5_V1.3.0, STM32Cube_FW_U5_V1.3.0RC4, STM32Cube_FW_WBA_V1.0.0RC1, STM32Cube_FW_WBA_V1.1.0RC1, STM32Cube_FW_WBA_V1.1.1, STM32Cube_FW_WB_V1.15.0RC1, STM32Cube_FW_WB_V1.16.0, STM32Cube_FW_WB_V1.16.0RC2, STM32Cube_FW_WB_V1.17.3, STM32Cube_FW_WL_V1.3.0, X-CUBE-ALGOBUILD_V1.3.0, X-CUBE-ALS_V1.0.1, X-CUBE-AZRTOS-F4_V1.1.0, X-CUBE-AZRTOS-F7_V1.1.0, X-CUBE-AZRTOS-G0_V1.1.0, X-CUBE-AZRTOS-G4_V2.0.0, X-CUBE-AZRTOS-H7_V3.1.0, X-CUBE-AZRTOS-L4_V1.0.0, X-CUBE-AZRTOS-L4_V2.0.0, X-CUBE-AZRTOS-L5_V1.1.0, X-CUBE-AZRTOS-WB_V2.0.0, X-CUBE-AZRTOS-WL_V2.0.0, X-CUBE-BLE1_V7.0.0, X-CUBE-BLE2_V3.3.0, X-CUBE-BLEMGR_V2.0.0, X-CUBE-EEPRMA1_V4.1.0, X-CUBE-FREERTOS_V1.1.0, X-CUBE-GNSS1_V6.0.0, X-CUBE-MEMS1_V10.0.0, X-CUBE-MEMS1_V9.1.0, X-CUBE-MEMS1_V9.4.0, X-CUBE-MEMS1_V9.6.0, X-CUBE-NFC4_V3.0.0, X-CUBE-NFC7_V1.0.1, X-CUBE-SFXS2LP1_V4.0.0, X-CUBE-SUBG2_V5.0.0, X-CUBE-TOF1_V3.3.1]
2023-11-04 11:19:51,050 [INFO] DbBoardsSqlite:226 - include board P-NUCLEO-WB55-NUCLEO as a kit item of type 'Nucleo-64'
2023-11-04 11:19:51,050 [INFO] DbBoardsSqlite:226 - include board P-NUCLEO-WB55-USBDONGLE as a kit item of type 'Nucleo USB Dongle'
2023-11-04 11:19:51,053 [INFO] DbBoardsSqlite:226 - include board STEVAL-IDP005V1 as a kit item of type 'Evaluation Board'
2023-11-04 11:19:51,053 [INFO] DbBoardsSqlite:226 - include board STEVAL-IDP005V2 as a kit item of type 'Evaluation Board'
2023-11-04 11:19:51,672 [WARN] PackLoader:240 - Cannot read IP mode file for STMicroelectronics.X-CUBE-SMBUS.2.1.0
2023-11-04 11:19:51,815 [WARN] PackLoader:240 - Cannot read IP mode file for STMicroelectronics.X-CUBE-AZRTOS-F7.1.1.0
2023-11-04 11:19:51,864 [WARN] PackLoader:240 - Cannot read IP mode file for STMicroelectronics.FP-SNS-MOTENV1.4.3.2
2023-11-04 11:19:51,906 [ERROR] RealEvaluatedCondition:428 - Found unsupported composite condition: GROUP='STM32_MetaDataManager' CLASS='Data Exchange'
2023-11-04 11:19:51,906 [ERROR] RealEvaluatedCondition:428 - Found unsupported composite condition: GROUP='STM32_MetaDataManager' CLASS='Data Exchange'
2023-11-04 11:19:51,910 [WARN] PackLoader:240 - Cannot read IP mode file for STMicroelectronics.FP-SNS-MOTENV1.4.3.1
2023-11-04 11:19:51,939 [WARN] PackLoader:240 - Cannot read IP mode file for STMicroelectronics.FP-SNS-FLIGHT1.5.0.1
2023-11-04 11:19:51,971 [WARN] PackLoader:240 - Cannot read IP mode file for STMicroelectronics.X-CUBE-BLE1.6.2.4
2023-11-04 11:19:52,008 [WARN] PackLoader:240 - Cannot read IP mode file for STMicroelectronics.X-CUBE-DISPLAY.3.0.0
2023-11-04 11:19:52,070 [WARN] PackLoader:240 - Cannot read IP mode file for STMicroelectronics.X-CUBE-TOUCHGFX.4.22.0
2023-11-04 11:19:52,090 [WARN] PackLoader:240 - Cannot read IP mode file for STMicroelectronics.X-CUBE-TOUCHGFX.4.22.1
2023-11-04 11:19:52,112 [INFO] ApiDb:240 - Found 297 in-development CPN: [B-G473E-ZEST1S, B-WB1M-WPAN1, B-WL5M-SUBG1, NUCLEO-C031C6, NUCLEO-H503RB, NUCLEO-H563ZI, NUCLEO-U545RE-Q, NUCLEO-U5A5ZJ-Q, NUCLEO-WBA52CG, STEVAL-PROTEUS1, STEVAL-STWINBX1, STM320518-EVAL, STM32C0116-DK, STM32C011D6Y3TR, STM32C011D6Y6TR, STM32C011F4P3, STM32C011F4P6, STM32C011F4U3, STM32C011F4U6TR, STM32C011F6P3, STM32C011F6P6, STM32C011F6U3, STM32C011F6U6TR, STM32C011J4M3, STM32C011J4M6, STM32C011J6M3, STM32C011J6M6, STM32C0316-DK, STM32C031C4T3, STM32C031C4T6, STM32C031C4U3, STM32C031C4U6, STM32C031C6T3, STM32C031C6T6, STM32C031C6U3, STM32C031C6U6, STM32C031F4P3, STM32C031F4P6, STM32C031F6P3, STM32C031F6P6, STM32C031G4U3, STM32C031G4U6, STM32C031G6U3, STM32C031G6U6, STM32C031K4T3, STM32C031K4T6, STM32C031K4U3, STM32C031K4U6, STM32C031K6T3, STM32C031K6T6, STM32C031K6U3, STM32C031K6U6, STM32G071K8TXN, STM32G071K8UXN, STM32G081GBU6N, STM32G081KBT6N, STM32G081KBUXN, STM32G0B1CCT6N, STM32G0B1KCT6, STM32G0B1NEY6TR, STM32G0B1RCT6N, STM32G0C1CCT6, STM32G0C1CCT6N, STM32G0C1CCU6N, STM32G0C1CET6N, STM32G0C1CEU6N, STM32G0C1KCT6, STM32G0C1NEY6TR, STM32G0C1RCI6N, STM32G0C1RCT6N, STM32G0C1REI6N, STM32G0C1RET6N, STM32G0C1VCI6, STM32G0C1VEI6, STM32G471CCT6, STM32G471CCU6, STM32G471CET3, STM32G471CET6, STM32G471CEU3, STM32G471CEU6, STM32G471MCT6, STM32G471MET3, STM32G471MET6, STM32G471MEY6TR, STM32G471QCT6, STM32G471QET3, STM32G471RCT6, STM32G471RET3, STM32G471RET6, STM32G471VCH6, STM32G471VCI6, STM32G471VCT6, STM32G471VEH3, STM32G471VEH6, STM32G471VEI3, STM32G471VEI6, STM32G471VET3, STM32G471VET6, STM32G474CCT6, STM32H503CBT6, STM32H503CBU6, STM32H503EBY6TR, STM32H503KBU6, STM32H503RBT6, STM32H562AGI6, STM32H562AII6, STM32H562IGK6, STM32H562IGT6, STM32H562IIK6, STM32H562IIT6, STM32H562RGT6, STM32H562RGV6, STM32H562RIT6, STM32H562RIV6, STM32H562VGT6, STM32H562VIT6, STM32H562ZGT6, STM32H562ZIT6, STM32H563AGI6, STM32H563AII3Q, STM32H563AII6, STM32H563IGK6, STM32H563IGT6, STM32H563IIK3Q, STM32H563IIK6, STM32H563IIT3Q, STM32H563IIT6, STM32H563MIY3QTR, STM32H563RGT6, STM32H563RGV6, STM32H563RIT6, STM32H563RIV6, STM32H563VGT6, STM32H563VIT3Q, STM32H563VIT6, STM32H563ZGT6, STM32H563ZIT3Q, STM32H563ZIT6, STM32H573AII3Q, STM32H573AII6, STM32H573I-DK, STM32H573IIK3Q, STM32H573IIK6, STM32H573IIT3Q, STM32H573IIT6, STM32H573MIY3QTR, STM32H573RIT6, STM32H573RIV6, STM32H573VIT3Q, STM32H573VIT6, STM32H573ZIT3Q, STM32H573ZIT6, STM32L4R5QGI6STR, STM32MP131AAE3, STM32MP131AAF3, STM32MP131AAG3, STM32MP131CAE3, STM32MP131CAF3, STM32MP131CAG3, STM32MP131DAE7, STM32MP131DAF7, STM32MP131DAG7, STM32MP131FAE7, STM32MP131FAF7, STM32MP131FAG7, STM32MP133AAE3, STM32MP133AAF3, STM32MP133AAG3, STM32MP133CAE3, STM32MP133CAF3, STM32MP133CAG3, STM32MP133DAE7, STM32MP133DAF7, STM32MP133DAG7, STM32MP133FAE7, STM32MP133FAF7, STM32MP133FAG7, STM32MP135AAE3, STM32MP135AAF3, STM32MP135AAG3, STM32MP135CAE3, STM32MP135CAF3, STM32MP135CAG3, STM32MP135DAE7, STM32MP135DAF7, STM32MP135DAG7, STM32MP135F-DK, STM32MP135FAE7, STM32MP135FAF7, STM32MP135FAF7T, STM32MP135FAF7U, STM32MP135FAG7, STM32U535CBT6, STM32U535CBT6Q, STM32U535CBU6, STM32U535CBU6Q, STM32U535CCT6, STM32U535CCT6Q, STM32U535CCU6, STM32U535CCU6Q, STM32U535CET6, STM32U535CET6Q, STM32U535CEU6, STM32U535CEU6Q, STM32U535JEY6QTR, STM32U535NCY6QTR, STM32U535NEY6QTR, STM32U535RBI6, STM32U535RBI6Q, STM32U535RBT6, STM32U535RBT6Q, STM32U535RCI6, STM32U535RCI6Q, STM32U535RCT6, STM32U535RCT6Q, STM32U535REI6, STM32U535REI6Q, STM32U535RET6, STM32U535RET6Q, STM32U535VCI6, STM32U535VCI6Q, STM32U535VCT6, STM32U535VCT6Q, STM32U535VEI6, STM32U535VEI6Q, STM32U535VET6, STM32U535VET6Q, STM32U545CET6, STM32U545CET6Q, STM32U545CEU6, STM32U545CEU6Q, STM32U545JEY6QTR, STM32U545NEY6QTR, STM32U545REI6, STM32U545REI6Q, STM32U545RET6, STM32U545RET6Q, STM32U545VEI6, STM32U545VEI6Q, STM32U545VET6, STM32U545VET6Q, STM32U595AIH6, STM32U595AIH6Q, STM32U595AJH6, STM32U595AJH6Q, STM32U595QII6, STM32U595QII6Q, STM32U595QJI6, STM32U595QJI6Q, STM32U595RIT6, STM32U595RIT6Q, STM32U595RJT6, STM32U595RJT6Q, STM32U595VIT6, STM32U595VIT6Q, STM32U595VJT6, STM32U595VJT6Q, STM32U595ZIT6, STM32U595ZIT6Q, STM32U595ZIY6QTR, STM32U595ZJT6, STM32U595ZJT6Q, STM32U595ZJY6QTR, STM32U599BJY6QTR, STM32U599NIH6Q, STM32U599NJH6Q, STM32U599VIT6Q, STM32U599VJT6, STM32U599VJT6Q, STM32U599ZIT6Q, STM32U599ZIY6QTR, STM32U599ZJT6Q, STM32U599ZJY6QTR, STM32U5A5AJH6, STM32U5A5AJH6Q, STM32U5A5QJI6, STM32U5A5QJI6Q, STM32U5A5RJT6, STM32U5A5RJT6Q, STM32U5A5VJT6, STM32U5A5VJT6Q, STM32U5A5ZJT6, STM32U5A5ZJT6Q, STM32U5A5ZJY6QTR, STM32U5A9BJY6QTR, STM32U5A9J-DK, STM32U5A9NJH6Q, STM32U5A9VJT6Q, STM32U5A9ZJT6Q, STM32U5A9ZJY6QTR, STM32WB1MMCH6, STM32WBA52CEU6, STM32WBA52CEU6T, STM32WBA52CGU6, STM32WBA52CGU6T, STM32WL5MOCH6, STM32WL5MOCH6TR]
2023-11-04 11:19:52,116 [WARN] PackLoader:240 - Cannot read IP mode file for STMicroelectronics.FP-SNS-SMARTAG2.1.2.0
2023-11-04 11:19:52,134 [INFO] ApiDb:668 - CubeFinder database Data Model version=2.1
2023-11-04 11:19:52,135 [INFO] ApiDb:669 - CubeFinder database Configuration version=3.0.37
2023-11-04 11:19:52,135 [INFO] ApiDb:670 - CubeFinder database generation date=2023-10-13 (1697197505)
2023-11-04 11:19:52,135 [INFO] ApiDb:671 - CubeFinder database FW Pack versions=[FP-ATR-ASTRA1_V2.0.0, FP-SNS-FLIGHT1_V5.0.1, FP-SNS-FLIGHT1_V5.0.2, FP-SNS-MOTENV1_V4.3.1, FP-SNS-MOTENV1_V4.3.2, FP-SNS-SMARTAG2_V1.2.0, I-CUBE-ITTIADB_V8.6.3-1, STM32Cube_FW_C0_V1.1.0, STM32Cube_FW_F4_V1.27.1, STM32Cube_FW_F7_V1.17.0, STM32Cube_FW_G0_V1.6.1, STM32Cube_FW_G4_V1.5.1, STM32Cube_FW_H5_V0.5.1, STM32Cube_FW_H5_V1.1.1, STM32Cube_FW_H7_V1.11.0, STM32Cube_FW_L0_V1.12.2, STM32Cube_FW_L5_V1.5.0, STM32Cube_FW_U5_V1.3.0, STM32Cube_FW_U5_V1.3.0RC4, STM32Cube_FW_WBA_V1.0.0RC1, STM32Cube_FW_WBA_V1.1.0RC1, STM32Cube_FW_WBA_V1.1.1, STM32Cube_FW_WB_V1.15.0RC1, STM32Cube_FW_WB_V1.16.0, STM32Cube_FW_WB_V1.16.0RC2, STM32Cube_FW_WB_V1.17.3, STM32Cube_FW_WL_V1.3.0, X-CUBE-ALGOBUILD_V1.3.0, X-CUBE-ALS_V1.0.1, X-CUBE-AZRTOS-F4_V1.1.0, X-CUBE-AZRTOS-F7_V1.1.0, X-CUBE-AZRTOS-G0_V1.1.0, X-CUBE-AZRTOS-G4_V2.0.0, X-CUBE-AZRTOS-H7_V3.1.0, X-CUBE-AZRTOS-L4_V1.0.0, X-CUBE-AZRTOS-L4_V2.0.0, X-CUBE-AZRTOS-L5_V1.1.0, X-CUBE-AZRTOS-WB_V2.0.0, X-CUBE-AZRTOS-WL_V2.0.0, X-CUBE-BLE1_V7.0.0, X-CUBE-BLE2_V3.3.0, X-CUBE-BLEMGR_V2.0.0, X-CUBE-EEPRMA1_V4.1.0, X-CUBE-FREERTOS_V1.1.0, X-CUBE-GNSS1_V6.0.0, X-CUBE-MEMS1_V10.0.0, X-CUBE-MEMS1_V9.1.0, X-CUBE-MEMS1_V9.4.0, X-CUBE-MEMS1_V9.6.0, X-CUBE-NFC4_V3.0.0, X-CUBE-NFC7_V1.0.1, X-CUBE-SFXS2LP1_V4.0.0, X-CUBE-SUBG2_V5.0.0, X-CUBE-TOF1_V3.3.1]
2023-11-04 11:19:52,208 [INFO] LogOutputStream:77 - [STDOUT_REDIRECT] 1 : Invalid condition id : UX_CORESTACK_Condition cause : null
2023-11-04 11:19:52,211 [INFO] LogOutputStream:77 - [STDOUT_REDIRECT] 1 : Invalid condition id : UX_CORESTACK_Condition cause : null
2023-11-04 11:19:52,218 [INFO] LogOutputStream:77 - [STDOUT_REDIRECT] 1 : Invalid condition id : UX_CORESTACK_Condition cause : null
2023-11-04 11:19:52,220 [INFO] LogOutputStream:77 - [STDOUT_REDIRECT] 1 : Invalid condition id : UX_CORESTACK_Condition cause : null
2023-11-04 11:19:52,223 [INFO] LogOutputStream:77 - [STDOUT_REDIRECT] 1 : Invalid condition id : UX_CORESTACK_Condition cause : null
2023-11-04 11:19:52,231 [WARN] PackLoader:240 - Cannot read IP mode file for STMicroelectronics.X-CUBE-AZRTOS-WL.2.0.0
2023-11-04 11:19:52,324 [WARN] PackLoader:240 - Cannot read IP mode file for WES.I-CUBE-Cesium.1.3.0
2023-11-04 11:19:52,360 [WARN] PackLoader:240 - Cannot read IP mode file for STMicroelectronics.X-CUBE-BLE2.3.3.0
2023-11-04 11:19:52,393 [WARN] PackLoader:240 - Cannot read IP mode file for STMicroelectronics.X-CUBE-TOUCHGFX.4.21.4
2023-11-04 11:19:52,426 [WARN] PackLoader:240 - Cannot read IP mode file for STMicroelectronics.X-CUBE-ALGOBUILD.1.3.0
2023-11-04 11:19:52,487 [WARN] PackLoader:240 - Cannot read IP mode file for STMicroelectronics.X-CUBE-AZRTOS-G0.1.1.0
2023-11-04 11:19:52,562 [WARN] PackLoader:240 - Cannot read IP mode file for STMicroelectronics.X-CUBE-NFC4.3.0.0
2023-11-04 11:19:52,611 [WARN] PackLoader:240 - Cannot read IP mode file for STMicroelectronics.X-CUBE-BLEMGR.3.0.0
2023-11-04 11:19:52,652 [WARN] PackLoader:240 - Cannot read IP mode file for STMicroelectronics.FP-ATR-SIGFOX1.3.2.0
2023-11-04 11:19:52,908 [WARN] PackLoader:240 - Cannot read IP mode file for SEGGER.I-CUBE-embOS.1.3.1
2023-11-04 11:19:53,382 [WARN] PackLoader:240 - Cannot read IP mode file for STMicroelectronics.X-CUBE-GNSS1.6.0.0
2023-11-04 11:19:53,550 [WARN] PackLoader:240 - Cannot read IP mode file for STMicroelectronics.X-CUBE-AZRTOS-F4.1.1.0
2023-11-04 11:19:53,910 [WARN] PackLoader:240 - Cannot read IP mode file for wolfSSL.I-CUBE-wolfSSL.5.6.0
2023-11-04 11:19:54,007 [WARN] PackLoader:240 - Cannot read IP mode file for STMicroelectronics.X-CUBE-AZRTOS-L5.2.0.0
2023-11-04 11:19:54,230 [WARN] PackLoader:240 - Cannot read IP mode file for STMicroelectronics.X-CUBE-MEMS1.9.6.0
2023-11-04 11:19:55,191 [WARN] PackLoader:240 - Cannot read IP mode file for STMicroelectronics.X-CUBE-EEPRMA1.4.2.0
2023-11-04 11:19:55,346 [WARN] PackLoader:240 - Cannot read IP mode file for ITTIA_DB.I-CUBE-ITTIADB.8.8.0
2023-11-04 11:19:55,405 [WARN] PackLoader:240 - Cannot read IP mode file for emotas.I-CUBE-CANOPEN.1.1.3
2023-11-04 11:19:55,460 [WARN] PackLoader:240 - Cannot read IP mode file for STMicroelectronics.X-CUBE-BLEMGR.2.0.0
2023-11-04 11:19:55,549 [WARN] ConditionMgr:438 - getConditionDescription Invalid condition id : UX DEVICE CLASS RTOS Condition cause : null
2023-11-04 11:19:55,550 [WARN] ConditionMgr:438 - getConditionDescription Invalid condition id : UX DEVICE CLASS RTOS Condition cause : null
2023-11-04 11:19:55,557 [WARN] PackLoader:240 - Cannot read IP mode file for STMicroelectronics.X-CUBE-AZRTOS-H7.3.1.0
2023-11-04 11:19:55,559 [WARN] ConditionMgr:1039 - genDependencies : Invalid condition id : UX DEVICE CLASS RTOS Condition cause : null
2023-11-04 11:19:55,559 [WARN] ConditionMgr:1039 - genDependencies : Invalid condition id : UX DEVICE CLASS RTOS Condition cause : null
2023-11-04 11:19:55,560 [WARN] ConditionMgr:1039 - genDependencies : Invalid condition id : UX DEVICE CLASS RTOS Condition cause : null
2023-11-04 11:19:55,562 [WARN] ConditionMgr:1039 - genDependencies : Invalid condition id : UX DEVICE CLASS RTOS Condition cause : null
2023-11-04 11:19:55,563 [WARN] ConditionMgr:1039 - genDependencies : Invalid condition id : UX DEVICE CLASS RTOS Condition cause : null
2023-11-04 11:19:55,798 [WARN] PackLoader:240 - Cannot read IP mode file for STMicroelectronics.X-CUBE-NFC7.1.0.1
2023-11-04 11:19:55,906 [WARN] PackLoader:240 - Cannot read IP mode file for STMicroelectronics.X-CUBE-NFC6.3.0.0
2023-11-04 11:19:55,952 [WARN] PackLoader:240 - Cannot read IP mode file for STMicroelectronics.X-CUBE-EEPRMA1.4.1.0
2023-11-04 11:19:56,054 [WARN] ConditionMgr:438 - getConditionDescription Invalid condition id : LAN8742 Phy interface Condition cause : null
2023-11-04 11:19:56,055 [WARN] PackLoader:240 - Cannot read IP mode file for STMicroelectronics.X-CUBE-AZRTOS-L4.2.0.0
2023-11-04 11:19:56,057 [WARN] ConditionMgr:1039 - genDependencies : Invalid condition id : LAN8742 Phy interface Condition cause : null
2023-11-04 11:19:56,058 [WARN] ConditionMgr:1039 - genDependencies : Invalid condition id : LAN8742 Phy interface Condition cause : null
2023-11-04 11:19:56,059 [WARN] ConditionMgr:1039 - genDependencies : Invalid condition id : LAN8742 Phy interface Condition cause : null
2023-11-04 11:19:56,089 [WARN] PackLoader:240 - Cannot read IP mode file for STMicroelectronics.X-CUBE-SFXS2LP1.4.0.0
2023-11-04 11:19:56,114 [WARN] PackLoader:240 - Cannot read IP mode file for STMicroelectronics.X-CUBE-ISPU.1.1.0
2023-11-04 11:19:56,162 [WARN] ConditionMgr:438 - getConditionDescription Invalid condition id : UX DEVICE CLASS RTOS Condition cause : null
2023-11-04 11:19:56,163 [WARN] ConditionMgr:438 - getConditionDescription Invalid condition id : UX DEVICE CLASS RTOS Condition cause : null
2023-11-04 11:19:56,166 [WARN] PackLoader:240 - Cannot read IP mode file for STMicroelectronics.X-CUBE-AZRTOS-WB.2.0.0
2023-11-04 11:19:56,167 [WARN] ConditionMgr:1039 - genDependencies : Invalid condition id : UX DEVICE CLASS RTOS Condition cause : null
2023-11-04 11:19:56,167 [WARN] ConditionMgr:1039 - genDependencies : Invalid condition id : UX DEVICE CLASS RTOS Condition cause : null
2023-11-04 11:19:56,168 [WARN] ConditionMgr:1039 - genDependencies : Invalid condition id : UX DEVICE CLASS RTOS Condition cause : null
2023-11-04 11:19:56,169 [WARN] ConditionMgr:1039 - genDependencies : Invalid condition id : UX DEVICE CLASS RTOS Condition cause : null
2023-11-04 11:19:56,169 [WARN] ConditionMgr:1039 - genDependencies : Invalid condition id : UX DEVICE CLASS RTOS Condition cause : null
2023-11-04 11:19:56,194 [WARN] PackLoader:240 - Cannot read IP mode file for STMicroelectronics.X-CUBE-FREERTOS.1.0.1
2023-11-04 11:19:56,268 [WARN] PackLoader:240 - Cannot read IP mode file for STMicroelectronics.X-CUBE-AZRTOS-L5.1.1.0
2023-11-04 11:19:56,345 [WARN] PackLoader:240 - Cannot read IP mode file for STMicroelectronics.X-CUBE-AI.8.0.1
2023-11-04 11:19:56,471 [WARN] PackLoader:240 - Cannot read IP mode file for STMicroelectronics.X-CUBE-SUBG2.5.0.0
2023-11-04 11:19:56,615 [WARN] PackLoader:240 - Cannot read IP mode file for STMicroelectronics.X-CUBE-TOF1.3.3.1
2023-11-04 11:19:56,802 [WARN] PackLoader:240 - Cannot read IP mode file for STMicroelectronics.X-CUBE-AZRTOS-G4.2.0.0
2023-11-04 11:19:56,855 [WARN] PackLoader:240 - Cannot read IP mode file for STMicroelectronics.X-CUBE-TOF1.3.3.0
2023-11-04 11:19:57,075 [WARN] PackLoader:240 - Cannot read IP mode file for Infineon.AIROC-Wi-Fi-Bluetooth-STM32.1.5.1
2023-11-04 11:19:57,305 [WARN] PackLoader:240 - Cannot read IP mode file for STMicroelectronics.X-CUBE-MEMS1.10.0.0
2023-11-04 11:19:57,983 [WARN] PackLoader:240 - Cannot read IP mode file for STMicroelectronics.X-CUBE-FREERTOS.1.1.0
2023-11-04 11:19:58,243 [WARN] PackLoader:240 - Cannot read IP mode file for portGmbH.I-Cube-SoM-uGOAL.1.1.0
2023-11-04 11:19:58,463 [WARN] PackLoader:240 - Cannot read IP mode file for STMicroelectronics.X-CUBE-ALS.1.0.1
2023-11-04 11:19:58,535 [INFO] ApiDb:240 - Found 297 in-development CPN: [B-G473E-ZEST1S, B-WB1M-WPAN1, B-WL5M-SUBG1, NUCLEO-C031C6, NUCLEO-H503RB, NUCLEO-H563ZI, NUCLEO-U545RE-Q, NUCLEO-U5A5ZJ-Q, NUCLEO-WBA52CG, STEVAL-PROTEUS1, STEVAL-STWINBX1, STM320518-EVAL, STM32C0116-DK, STM32C011D6Y3TR, STM32C011D6Y6TR, STM32C011F4P3, STM32C011F4P6, STM32C011F4U3, STM32C011F4U6TR, STM32C011F6P3, STM32C011F6P6, STM32C011F6U3, STM32C011F6U6TR, STM32C011J4M3, STM32C011J4M6, STM32C011J6M3, STM32C011J6M6, STM32C0316-DK, STM32C031C4T3, STM32C031C4T6, STM32C031C4U3, STM32C031C4U6, STM32C031C6T3, STM32C031C6T6, STM32C031C6U3, STM32C031C6U6, STM32C031F4P3, STM32C031F4P6, STM32C031F6P3, STM32C031F6P6, STM32C031G4U3, STM32C031G4U6, STM32C031G6U3, STM32C031G6U6, STM32C031K4T3, STM32C031K4T6, STM32C031K4U3, STM32C031K4U6, STM32C031K6T3, STM32C031K6T6, STM32C031K6U3, STM32C031K6U6, STM32G071K8TXN, STM32G071K8UXN, STM32G081GBU6N, STM32G081KBT6N, STM32G081KBUXN, STM32G0B1CCT6N, STM32G0B1KCT6, STM32G0B1NEY6TR, STM32G0B1RCT6N, STM32G0C1CCT6, STM32G0C1CCT6N, STM32G0C1CCU6N, STM32G0C1CET6N, STM32G0C1CEU6N, STM32G0C1KCT6, STM32G0C1NEY6TR, STM32G0C1RCI6N, STM32G0C1RCT6N, STM32G0C1REI6N, STM32G0C1RET6N, STM32G0C1VCI6, STM32G0C1VEI6, STM32G471CCT6, STM32G471CCU6, STM32G471CET3, STM32G471CET6, STM32G471CEU3, STM32G471CEU6, STM32G471MCT6, STM32G471MET3, STM32G471MET6, STM32G471MEY6TR, STM32G471QCT6, STM32G471QET3, STM32G471RCT6, STM32G471RET3, STM32G471RET6, STM32G471VCH6, STM32G471VCI6, STM32G471VCT6, STM32G471VEH3, STM32G471VEH6, STM32G471VEI3, STM32G471VEI6, STM32G471VET3, STM32G471VET6, STM32G474CCT6, STM32H503CBT6, STM32H503CBU6, STM32H503EBY6TR, STM32H503KBU6, STM32H503RBT6, STM32H562AGI6, STM32H562AII6, STM32H562IGK6, STM32H562IGT6, STM32H562IIK6, STM32H562IIT6, STM32H562RGT6, STM32H562RGV6, STM32H562RIT6, STM32H562RIV6, STM32H562VGT6, STM32H562VIT6, STM32H562ZGT6, STM32H562ZIT6, STM32H563AGI6, STM32H563AII3Q, STM32H563AII6, STM32H563IGK6, STM32H563IGT6, STM32H563IIK3Q, STM32H563IIK6, STM32H563IIT3Q, STM32H563IIT6, STM32H563MIY3QTR, STM32H563RGT6, STM32H563RGV6, STM32H563RIT6, STM32H563RIV6, STM32H563VGT6, STM32H563VIT3Q, STM32H563VIT6, STM32H563ZGT6, STM32H563ZIT3Q, STM32H563ZIT6, STM32H573AII3Q, STM32H573AII6, STM32H573I-DK, STM32H573IIK3Q, STM32H573IIK6, STM32H573IIT3Q, STM32H573IIT6, STM32H573MIY3QTR, STM32H573RIT6, STM32H573RIV6, STM32H573VIT3Q, STM32H573VIT6, STM32H573ZIT3Q, STM32H573ZIT6, STM32L4R5QGI6STR, STM32MP131AAE3, STM32MP131AAF3, STM32MP131AAG3, STM32MP131CAE3, STM32MP131CAF3, STM32MP131CAG3, STM32MP131DAE7, STM32MP131DAF7, STM32MP131DAG7, STM32MP131FAE7, STM32MP131FAF7, STM32MP131FAG7, STM32MP133AAE3, STM32MP133AAF3, STM32MP133AAG3, STM32MP133CAE3, STM32MP133CAF3, STM32MP133CAG3, STM32MP133DAE7, STM32MP133DAF7, STM32MP133DAG7, STM32MP133FAE7, STM32MP133FAF7, STM32MP133FAG7, STM32MP135AAE3, STM32MP135AAF3, STM32MP135AAG3, STM32MP135CAE3, STM32MP135CAF3, STM32MP135CAG3, STM32MP135DAE7, STM32MP135DAF7, STM32MP135DAG7, STM32MP135F-DK, STM32MP135FAE7, STM32MP135FAF7, STM32MP135FAF7T, STM32MP135FAF7U, STM32MP135FAG7, STM32U535CBT6, STM32U535CBT6Q, STM32U535CBU6, STM32U535CBU6Q, STM32U535CCT6, STM32U535CCT6Q, STM32U535CCU6, STM32U535CCU6Q, STM32U535CET6, STM32U535CET6Q, STM32U535CEU6, STM32U535CEU6Q, STM32U535JEY6QTR, STM32U535NCY6QTR, STM32U535NEY6QTR, STM32U535RBI6, STM32U535RBI6Q, STM32U535RBT6, STM32U535RBT6Q, STM32U535RCI6, STM32U535RCI6Q, STM32U535RCT6, STM32U535RCT6Q, STM32U535REI6, STM32U535REI6Q, STM32U535RET6, STM32U535RET6Q, STM32U535VCI6, STM32U535VCI6Q, STM32U535VCT6, STM32U535VCT6Q, STM32U535VEI6, STM32U535VEI6Q, STM32U535VET6, STM32U535VET6Q, STM32U545CET6, STM32U545CET6Q, STM32U545CEU6, STM32U545CEU6Q, STM32U545JEY6QTR, STM32U545NEY6QTR, STM32U545REI6, STM32U545REI6Q, STM32U545RET6, STM32U545RET6Q, STM32U545VEI6, STM32U545VEI6Q, STM32U545VET6, STM32U545VET6Q, STM32U595AIH6, STM32U595AIH6Q, STM32U595AJH6, STM32U595AJH6Q, STM32U595QII6, STM32U595QII6Q, STM32U595QJI6, STM32U595QJI6Q, STM32U595RIT6, STM32U595RIT6Q, STM32U595RJT6, STM32U595RJT6Q, STM32U595VIT6, STM32U595VIT6Q, STM32U595VJT6, STM32U595VJT6Q, STM32U595ZIT6, STM32U595ZIT6Q, STM32U595ZIY6QTR, STM32U595ZJT6, STM32U595ZJT6Q, STM32U595ZJY6QTR, STM32U599BJY6QTR, STM32U599NIH6Q, STM32U599NJH6Q, STM32U599VIT6Q, STM32U599VJT6, STM32U599VJT6Q, STM32U599ZIT6Q, STM32U599ZIY6QTR, STM32U599ZJT6Q, STM32U599ZJY6QTR, STM32U5A5AJH6, STM32U5A5AJH6Q, STM32U5A5QJI6, STM32U5A5QJI6Q, STM32U5A5RJT6, STM32U5A5RJT6Q, STM32U5A5VJT6, STM32U5A5VJT6Q, STM32U5A5ZJT6, STM32U5A5ZJT6Q, STM32U5A5ZJY6QTR, STM32U5A9BJY6QTR, STM32U5A9J-DK, STM32U5A9NJH6Q, STM32U5A9VJT6Q, STM32U5A9ZJT6Q, STM32U5A9ZJY6QTR, STM32WB1MMCH6, STM32WBA52CEU6, STM32WBA52CEU6T, STM32WBA52CGU6, STM32WBA52CGU6T, STM32WL5MOCH6, STM32WL5MOCH6TR]
2023-11-04 11:19:58,548 [INFO] DbMcus:216 - Found 3825 MCUs, 3825 are supported
2023-11-04 11:19:58,553 [INFO] ApiDb:423 - Load user favorites file C:\Users\Admin/.stm32cubeide/favorites.mcus.txt: 0 item(s)
2023-11-04 11:19:58,554 [INFO] ApiDb:427 - User favorites MCUs=[]
2023-11-04 11:19:58,554 [INFO] DbMcus:222 - Set 0 / 0 favorites MCUs
2023-11-04 11:19:58,590 [WARN] PackLoader:240 - Cannot read IP mode file for STMicroelectronics.X-CUBE-AZRTOS-WB.1.1.0
2023-11-04 11:19:58,702 [WARN] PackLoader:240 - Cannot read IP mode file for STMicroelectronics.FP-ATR-ASTRA1.2.0.0
2023-11-04 11:19:58,703 [INFO] ThirdParty:978 - Integrity check success = true
2023-11-04 11:19:58,703 [INFO] IntegrityCheckThread:100 - exiting critical section [integrity check]
2023-11-04 11:19:58,703 [INFO] IntegrityCheckThread:103 - End integrity checks thread
2023-11-04 11:19:59,475 [INFO] BoardInfo:880 - No configuration file found for board P-NUCLEO-WB55
2023-11-04 11:19:59,475 [INFO] DbBoards:157 - Kit is not supported: P-NUCLEO-WB55
2023-11-04 11:19:59,488 [INFO] BoardInfo:880 - No configuration file found for board STEVAL-BFA001V1B
2023-11-04 11:19:59,488 [INFO] DbBoards:157 - Kit is not supported: STEVAL-BFA001V1B
2023-11-04 11:19:59,492 [INFO] BoardInfo:880 - No configuration file found for board STEVAL-BFA001V2B
2023-11-04 11:19:59,492 [INFO] DbBoards:157 - Kit is not supported: STEVAL-BFA001V2B
2023-11-04 11:19:59,509 [INFO] BoardInfo:880 - No configuration file found for board STEVAL-SMARTAG2
2023-11-04 11:19:59,509 [INFO] DbBoards:157 - Board is not supported: STEVAL-SMARTAG2
2023-11-04 11:19:59,822 [INFO] DbBoards:161 - Found 188 boards, 184 are supported
2023-11-04 11:19:59,831 [INFO] ApiDb:423 - Load user favorites file C:\Users\Admin/.stm32cubeide/favorites.boards.txt: 0 item(s)
2023-11-04 11:19:59,831 [INFO] ApiDb:427 - User favorites Boards=[]
2023-11-04 11:19:59,831 [INFO] DbBoards:190 - Set 0 / 0 favorites Boards
2023-11-04 11:19:59,832 [INFO] McuFinderGlobals:66 - Set McuFinderConnectedMode to true
2023-11-04 11:19:59,845 [INFO] MultiScanPanel:200 - Auto-refresh data requested => check proxy status ongoing
2023-11-04 11:19:59,852 [INFO] FinderPluginLoader:95 - Searching for filters in installed packs
2023-11-04 11:20:02,954 [INFO] LoadUrlFilesThread:185 - End of LoadServerUrlFiles without Thread
2023-11-04 11:20:02,972 [INFO] DetailPanel:341 - Set advertising image to C:/Users/Admin/STM32Cube/Repository/\en.prom-stm32h5-mcu-finder.jpg
2023-11-04 13:01:30,246 [INFO] MainUpdater:2854 - connection check result : 10
2023-11-04 13:01:30,247 [INFO] MainUpdater:2854 - connection check result : 10
2023-11-04 13:01:30,321 [INFO] MicroXplorer:468 - Change Database Path : 
2023-11-04 13:01:30,321 [INFO] MicroXplorer:498 - Change Database Version : DB.6.0.81
2023-11-04 13:01:30,321 [WARN] ThirdParty:871 - waiting for thirdparty lock release [close project]
2023-11-04 13:01:30,322 [INFO] ThirdParty:873 - entering critical section [close project]
2023-11-04 13:01:30,325 [INFO] ThirdParty:883 - exiting critical section [close project]
2023-11-04 13:01:30,331 [INFO] PinOutPanel:1499 - setPackage(No Configuration,No Configuration)
2023-11-04 13:01:30,360 [INFO] UtilMem:75 - Begin LoadConfig() Used Memory: 451783496 Bytes (772800512)
2023-11-04 13:01:30,365 [INFO] MicroXplorer:468 - Change Database Path : 
2023-11-04 13:01:30,365 [INFO] MicroXplorer:498 - Change Database Version : DB.6.0.81
2023-11-04 13:01:30,366 [INFO] OpenFileManager:308 - Change cursor
2023-11-04 13:01:30,770 [INFO] Mcu:1937 - Initializing MCU STM32F103RBTx STM32F103RBTx 
2023-11-04 13:01:30,771 [INFO] Mcu:1950 - No CPN specified => set CPN to STM32F103RBT6
2023-11-04 13:01:32,966 [INFO] Context:659 - Trying to add GPIOservice into a context  which must be forbidden
2023-11-04 13:01:33,708 [INFO] ImportTextPane:194 - (OptionalMessage_ERROR) Unable to find key (Mcu.ThirdPartyNb) in loaded IOC file
2023-11-04 13:01:33,708 [INFO] ImportTextPane:194 - (OptionalMessage_ERROR) Unable to find key (Mcu.PinsNb) in loaded IOC file
2023-11-04 13:01:33,709 [INFO] ImportTextPane:194 - (OptionalMessage_ERROR) Unable to find key (Mcu.IPNb) in loaded IOC file
2023-11-04 13:01:34,481 [INFO] RtosManager:555 - Registered RTOS mode: class=CMSIS, group=RTOS, mode=CMSIS_V1, owner=FREERTOS
2023-11-04 13:01:34,482 [INFO] RtosManager:555 - Registered RTOS mode: class=CMSIS, group=RTOS2, mode=CMSIS_V2, owner=FREERTOS
2023-11-04 13:01:34,482 [INFO] RtosManager:555 - Registered RTOS mode: class=RTOS, group=Core, mode=CMSIS_V1, owner=FREERTOS
2023-11-04 13:01:34,482 [INFO] RtosManager:555 - Registered RTOS mode: class=RTOS, group=Core, mode=CMSIS_V2, owner=FREERTOS
2023-11-04 13:01:34,483 [WARN] ModelIntegratedComponent:184 - Missing modes for component STMicroelectronics:FreeRTOS:0.0.1:STMicroelectronics:RTOS:FreeRTOS:Core:::10.2.0:
2023-11-04 13:01:34,565 [WARN] ModelIntegratedComponent:63 - No mode defined for component null
2023-11-04 13:01:34,565 [WARN] ModelIntegratedComponent:63 - No mode defined for component null
2023-11-04 13:01:34,565 [WARN] ModelIntegratedComponent:63 - No mode defined for component null
2023-11-04 13:01:34,565 [WARN] ModelIntegratedComponent:63 - No mode defined for component null
2023-11-04 13:01:34,565 [WARN] ModelIntegratedComponent:63 - No mode defined for component null
2023-11-04 13:01:34,566 [WARN] ModelIntegratedComponent:63 - No mode defined for component null
2023-11-04 13:01:34,566 [WARN] ModelIntegratedComponent:63 - No mode defined for component null
2023-11-04 13:01:34,566 [WARN] ModelIntegratedComponent:63 - No mode defined for component null
2023-11-04 13:01:34,566 [WARN] ModelIntegratedComponent:63 - No mode defined for component null
2023-11-04 13:01:34,566 [WARN] ModelIntegratedComponent:63 - No mode defined for component null
2023-11-04 13:01:34,566 [WARN] ModelIntegratedComponent:63 - No mode defined for component null
2023-11-04 13:01:34,566 [WARN] ModelIntegratedComponent:63 - No mode defined for component null
2023-11-04 13:01:34,566 [WARN] ModelIntegratedComponent:63 - No mode defined for component null
2023-11-04 13:01:34,566 [WARN] ModelIntegratedComponent:63 - No mode defined for component null
2023-11-04 13:01:34,567 [WARN] ModelIntegratedComponent:63 - No mode defined for component null
2023-11-04 13:01:34,567 [WARN] ModelIntegratedComponent:63 - No mode defined for component null
2023-11-04 13:01:34,567 [WARN] ModelIntegratedComponent:63 - No mode defined for component null
2023-11-04 13:01:34,567 [WARN] ModelIntegratedComponent:63 - No mode defined for component null
2023-11-04 13:01:34,567 [WARN] ModelIntegratedComponent:63 - No mode defined for component null
2023-11-04 13:01:34,567 [WARN] ModelIntegratedComponent:63 - No mode defined for component null
2023-11-04 13:01:34,567 [WARN] ModelIntegratedComponent:63 - No mode defined for component null
2023-11-04 13:01:34,567 [WARN] ModelIntegratedComponent:63 - No mode defined for component null
2023-11-04 13:01:34,568 [WARN] ModelIntegratedComponent:63 - No mode defined for component null
2023-11-04 13:01:34,568 [WARN] ModelIntegratedComponent:63 - No mode defined for component null
2023-11-04 13:01:34,568 [WARN] ModelIntegratedComponent:63 - No mode defined for component null
2023-11-04 13:01:34,568 [WARN] ModelIntegratedComponent:63 - No mode defined for component null
2023-11-04 13:01:34,568 [WARN] ModelIntegratedComponent:63 - No mode defined for component null
2023-11-04 13:01:34,569 [WARN] ModelIntegratedComponent:63 - No mode defined for component null
2023-11-04 13:01:34,569 [WARN] ModelIntegratedComponent:63 - No mode defined for component null
2023-11-04 13:01:34,569 [WARN] ModelIntegratedComponent:63 - No mode defined for component null
2023-11-04 13:01:34,569 [WARN] ModelIntegratedComponent:63 - No mode defined for component null
2023-11-04 13:01:34,569 [WARN] ModelIntegratedComponent:63 - No mode defined for component null
2023-11-04 13:01:34,569 [WARN] ModelIntegratedComponent:63 - No mode defined for component null
2023-11-04 13:01:34,872 [INFO] ThirdPartyModel:298 - Start build external matchings
2023-11-04 13:01:36,472 [INFO] ThirdPartyModel:316 - End build external matchings
2023-11-04 13:01:37,044 [INFO] UtilMem:75 - End LoadConfig() Used Memory: 621622632 Bytes (772800512)
2023-11-04 13:01:37,620 [WARN] ThirdParty:833 - waiting for thirdparty lock release [change project]
2023-11-04 13:01:37,621 [INFO] ThirdParty:835 - entering critical section [change project]
2023-11-04 13:01:37,621 [INFO] ThirdParty:1030 - CMSIS Pack Vendor :STMicroelectronics X-CUBE-ISPU 1.1.0
2023-11-04 13:01:37,621 [INFO] ThirdParty:1030 - CMSIS Pack Vendor :STMicroelectronics X-CUBE-GNSS1 6.0.0
2023-11-04 13:01:37,621 [INFO] ThirdParty:1030 - CMSIS Pack Vendor :STMicroelectronics USB_HOST 2.0.0
2023-11-04 13:01:37,621 [INFO] ThirdParty:1030 - CMSIS Pack Vendor :STMicroelectronics X-CUBE-AZRTOS-F4 1.1.0
2023-11-04 13:01:37,621 [INFO] ThirdParty:1030 - CMSIS Pack Vendor :STMicroelectronics LIBJPEG 8.0.0
2023-11-04 13:01:37,622 [INFO] ThirdParty:1030 - CMSIS Pack Vendor :STMicroelectronics X-CUBE-SMBUS 2.1.0
2023-11-04 13:01:37,622 [INFO] ThirdParty:1030 - CMSIS Pack Vendor :wolfSSL I-CUBE-wolfSSL 5.6.0
2023-11-04 13:01:37,622 [INFO] ThirdParty:1030 - CMSIS Pack Vendor :STMicroelectronics USB_DEVICE 3.0.0
2023-11-04 13:01:37,622 [INFO] ThirdParty:1030 - CMSIS Pack Vendor :STMicroelectronics X-CUBE-AZRTOS-WB 2.0.0
2023-11-04 13:01:37,622 [INFO] ThirdParty:1030 - CMSIS Pack Vendor :STMicroelectronics X-CUBE-FREERTOS 1.0.1
2023-11-04 13:01:37,622 [INFO] ThirdParty:1030 - CMSIS Pack Vendor :STMicroelectronics X-CUBE-AZRTOS-F7 1.1.0
2023-11-04 13:01:37,622 [INFO] ThirdParty:1030 - CMSIS Pack Vendor :STMicroelectronics X-CUBE-TOUCHGFX 4.21.4
2023-11-04 13:01:37,626 [INFO] ThirdParty:1030 - CMSIS Pack Vendor :STMicroelectronics X-CUBE-AZRTOS-L5 2.0.0
2023-11-04 13:01:37,627 [INFO] ThirdParty:1030 - CMSIS Pack Vendor :STMicroelectronics USB_DEVICE 2.0.0
2023-11-04 13:01:37,627 [INFO] ThirdParty:1030 - CMSIS Pack Vendor :STMicroelectronics X-CUBE-MEMS1 9.6.0
2023-11-04 13:01:37,627 [INFO] ThirdParty:1030 - CMSIS Pack Vendor :STMicroelectronics X-CUBE-EEPRMA1 4.2.0
2023-11-04 13:01:37,627 [INFO] ThirdParty:1030 - CMSIS Pack Vendor :ITTIA_DB I-CUBE-ITTIADB 8.8.0
2023-11-04 13:01:37,627 [INFO] ThirdParty:1030 - CMSIS Pack Vendor :STMicroelectronics FP-SNS-MOTENV1 4.3.2
2023-11-04 13:01:37,627 [INFO] ThirdParty:1030 - CMSIS Pack Vendor :STMicroelectronics FP-SNS-MOTENV1 4.3.1
2023-11-04 13:01:37,627 [INFO] ThirdParty:1030 - CMSIS Pack Vendor :STMicroelectronics FP-SNS-FLIGHT1 5.0.1
2023-11-04 13:01:37,627 [INFO] ThirdParty:1030 - CMSIS Pack Vendor :STMicroelectronics X-CUBE-ALGOBUILD 1.3.0
2023-11-04 13:01:37,627 [INFO] ThirdParty:1030 - CMSIS Pack Vendor :STMicroelectronics X-CUBE-BLE1 6.2.4
2023-11-04 13:01:37,627 [INFO] ThirdParty:1030 - CMSIS Pack Vendor :STMicroelectronics X-CUBE-AZRTOS-L5 1.1.0
2023-11-04 13:01:37,628 [INFO] ThirdParty:1030 - CMSIS Pack Vendor :STMicroelectronics FreeRTOS 0.0.1
2023-11-04 13:01:37,628 [INFO] ThirdParty:1030 - CMSIS Pack Vendor :STMicroelectronics X-CUBE-AZRTOS-G0 1.1.0
2023-11-04 13:01:37,628 [INFO] ThirdParty:1030 - CMSIS Pack Vendor :emotas I-CUBE-CANOPEN 1.1.3
2023-11-04 13:01:37,628 [INFO] ThirdParty:1030 - CMSIS Pack Vendor :STMicroelectronics X-CUBE-BLEMGR 2.0.0
2023-11-04 13:01:37,628 [INFO] ThirdParty:1030 - CMSIS Pack Vendor :STMicroelectronics X-CUBE-AI 8.0.1
2023-11-04 13:01:37,628 [INFO] ThirdParty:1030 - CMSIS Pack Vendor :STMicroelectronics X-CUBE-NFC4 3.0.0
2023-11-04 13:01:37,628 [INFO] ThirdParty:1030 - CMSIS Pack Vendor :STMicroelectronics X-CUBE-SUBG2 5.0.0
2023-11-04 13:01:37,628 [INFO] ThirdParty:1030 - CMSIS Pack Vendor :STMicroelectronics STM32_WPAN 1.0.0
2023-11-04 13:01:37,628 [INFO] ThirdParty:1030 - CMSIS Pack Vendor :STMicroelectronics lwIP 2.0.3
2023-11-04 13:01:37,629 [INFO] ThirdParty:1030 - CMSIS Pack Vendor :STMicroelectronics USB_HOST 1.0.0
2023-11-04 13:01:37,629 [INFO] ThirdParty:1030 - CMSIS Pack Vendor :STMicroelectronics X-CUBE-TOF1 3.3.1
2023-11-04 13:01:37,629 [INFO] ThirdParty:1030 - CMSIS Pack Vendor :STMicroelectronics X-CUBE-AZRTOS-G4 2.0.0
2023-11-04 13:01:37,629 [INFO] ThirdParty:1030 - CMSIS Pack Vendor :STMicroelectronics PDM2PCM 3.1.0
2023-11-04 13:01:37,629 [INFO] ThirdParty:1030 - CMSIS Pack Vendor :STMicroelectronics X-CUBE-AZRTOS-H7 3.1.0
2023-11-04 13:01:37,629 [INFO] ThirdParty:1030 - CMSIS Pack Vendor :STMicroelectronics X-CUBE-TOF1 3.3.0
2023-11-04 13:01:37,629 [INFO] ThirdParty:1030 - CMSIS Pack Vendor :Infineon AIROC-Wi-Fi-Bluetooth-STM32 1.5.1
2023-11-04 13:01:37,629 [INFO] ThirdParty:1030 - CMSIS Pack Vendor :STMicroelectronics X-CUBE-BLEMGR 3.0.0
2023-11-04 13:01:37,629 [INFO] ThirdParty:1030 - CMSIS Pack Vendor :STMicroelectronics PDM2PCM 3.3.0
2023-11-04 13:01:37,630 [INFO] ThirdParty:1030 - CMSIS Pack Vendor :STMicroelectronics X-CUBE-DISPLAY 3.0.0
2023-11-04 13:01:37,630 [INFO] ThirdParty:1030 - CMSIS Pack Vendor :STMicroelectronics FP-ATR-SIGFOX1 3.2.0
2023-11-04 13:01:37,630 [INFO] ThirdParty:1030 - CMSIS Pack Vendor :STMicroelectronics HAL Drivers 0.0.0
2023-11-04 13:01:37,630 [INFO] ThirdParty:1030 - CMSIS Pack Vendor :STMicroelectronics MBEDTLS 2.16.2
2023-11-04 13:01:37,630 [INFO] ThirdParty:1030 - CMSIS Pack Vendor :STMicroelectronics X-CUBE-MEMS1 10.0.0
2023-11-04 13:01:37,630 [INFO] ThirdParty:1030 - CMSIS Pack Vendor :STMicroelectronics X-CUBE-FREERTOS 1.1.0
2023-11-04 13:01:37,630 [INFO] ThirdParty:1030 - CMSIS Pack Vendor :STMicroelectronics X-CUBE-TOUCHGFX 4.22.0
2023-11-04 13:01:37,630 [INFO] ThirdParty:1030 - CMSIS Pack Vendor :STMicroelectronics X-CUBE-NFC7 1.0.1
2023-11-04 13:01:37,631 [INFO] ThirdParty:1030 - CMSIS Pack Vendor :STMicroelectronics MBEDTLS 2.14.1
2023-11-04 13:01:37,631 [INFO] ThirdParty:1030 - CMSIS Pack Vendor :STMicroelectronics X-CUBE-TOUCHGFX 4.22.1
2023-11-04 13:01:37,631 [INFO] ThirdParty:1030 - CMSIS Pack Vendor :STMicroelectronics X-CUBE-NFC6 3.0.0
2023-11-04 13:01:37,631 [INFO] ThirdParty:1030 - CMSIS Pack Vendor :STMicroelectronics X-CUBE-EEPRMA1 4.1.0
2023-11-04 13:01:37,631 [INFO] ThirdParty:1030 - CMSIS Pack Vendor :portGmbH I-Cube-SoM-uGOAL 1.1.0
2023-11-04 13:01:37,631 [INFO] ThirdParty:1030 - CMSIS Pack Vendor :STMicroelectronics X-CUBE-ALS 1.0.1
2023-11-04 13:01:37,631 [INFO] ThirdParty:1030 - CMSIS Pack Vendor :STMicroelectronics ThreadX 1.0.0
2023-11-04 13:01:37,631 [INFO] ThirdParty:1030 - CMSIS Pack Vendor :STMicroelectronics FP-SNS-SMARTAG2 1.2.0
2023-11-04 13:01:37,632 [INFO] ThirdParty:1030 - CMSIS Pack Vendor :STMicroelectronics X-CUBE-AZRTOS-WB 1.1.0
2023-11-04 13:01:37,632 [INFO] ThirdParty:1030 - CMSIS Pack Vendor :STMicroelectronics X-CUBE-AZRTOS-WL 2.0.0
2023-11-04 13:01:37,632 [INFO] ThirdParty:1030 - CMSIS Pack Vendor :SEGGER I-CUBE-embOS 1.3.1
2023-11-04 13:01:37,632 [INFO] ThirdParty:1030 - CMSIS Pack Vendor :STMicroelectronics USB_DEVICE 1.0.0
2023-11-04 13:01:37,632 [INFO] ThirdParty:1030 - CMSIS Pack Vendor :STMicroelectronics X-CUBE-AZRTOS-L4 2.0.0
2023-11-04 13:01:37,632 [INFO] ThirdParty:1030 - CMSIS Pack Vendor :STMicroelectronics ThreadX 0.0.2
2023-11-04 13:01:37,632 [INFO] ThirdParty:1030 - CMSIS Pack Vendor :WES I-CUBE-Cesium 1.3.0
2023-11-04 13:01:37,632 [INFO] ThirdParty:1030 - CMSIS Pack Vendor :STMicroelectronics FP-ATR-ASTRA1 2.0.0
2023-11-04 13:01:37,632 [INFO] ThirdParty:1030 - CMSIS Pack Vendor :STMicroelectronics lwIP 2.1.2
2023-11-04 13:01:37,633 [INFO] ThirdParty:1030 - CMSIS Pack Vendor :STMicroelectronics X-CUBE-SFXS2LP1 4.0.0
2023-11-04 13:01:37,633 [INFO] ThirdParty:1030 - CMSIS Pack Vendor :STMicroelectronics X-CUBE-BLE2 3.3.0
2023-11-04 13:01:37,633 [INFO] ThirdParty:1030 - CMSIS Pack Vendor :STMicroelectronics PDM2PCM 3.2.0
2023-11-04 13:01:37,633 [INFO] ThirdParty:841 - exiting critical section [change project]
2023-11-04 13:01:38,593 [INFO] PinOutPanel:1499 - setPackage(No Configuration,No Configuration)
2023-11-04 13:01:38,595 [INFO] PinOutPanel:1499 - setPackage(STM32F103RBTx,LQFP64)
2023-11-04 13:01:40,093 [INFO] UtilMem:75 - Before build in PCC Used Memory: 495014728 Bytes (772800512)
2023-11-04 13:01:42,788 [INFO] UtilMem:75 - After build in PCC Used Memory: 483102024 Bytes (772800512)
2023-11-04 13:01:42,856 [INFO] IPUIPlugin:80 - create IPUIPlugin
2023-11-04 13:01:42,856 [INFO] IPUIPlugin:80 - create IPUIPlugin
2023-11-04 13:01:42,857 [INFO] IPUIPlugin:80 - create IPUIPlugin
2023-11-04 13:01:42,857 [INFO] IPUIPlugin:80 - create IPUIPlugin
2023-11-04 13:01:42,857 [INFO] IPUIPlugin:80 - create IPUIPlugin
2023-11-04 13:01:42,857 [INFO] IPUIPlugin:80 - create IPUIPlugin
2023-11-04 13:01:42,858 [INFO] IPUIPlugin:80 - create IPUIPlugin
2023-11-04 13:01:42,859 [INFO] IPUIPlugin:80 - create IPUIPlugin
2023-11-04 13:01:42,860 [INFO] IPUIPlugin:80 - create IPUIPlugin
2023-11-04 13:01:42,861 [INFO] IPUIPlugin:80 - create IPUIPlugin
2023-11-04 13:01:42,861 [INFO] IPUIPlugin:80 - create IPUIPlugin
2023-11-04 13:01:42,862 [INFO] IPUIPlugin:80 - create IPUIPlugin
2023-11-04 13:01:42,863 [INFO] IPUIPlugin:80 - create IPUIPlugin
2023-11-04 13:01:42,863 [INFO] IPUIPlugin:80 - create IPUIPlugin
2023-11-04 13:01:42,864 [INFO] IPUIPlugin:80 - create IPUIPlugin
2023-11-04 13:01:42,864 [INFO] IPUIPlugin:80 - create IPUIPlugin
2023-11-04 13:01:42,865 [INFO] IPUIPlugin:80 - create IPUIPlugin
2023-11-04 13:01:42,865 [INFO] IPUIPlugin:80 - create IPUIPlugin
2023-11-04 13:01:42,866 [INFO] IPUIPlugin:80 - create IPUIPlugin
2023-11-04 13:01:42,866 [INFO] IPUIPlugin:80 - create IPUIPlugin
2023-11-04 13:01:42,867 [INFO] IPUIPlugin:80 - create IPUIPlugin
2023-11-04 13:01:42,868 [INFO] IPUIPlugin:80 - create IPUIPlugin
2023-11-04 13:01:42,869 [INFO] IPUIPlugin:80 - create IPUIPlugin
2023-11-04 13:01:42,869 [INFO] IPUIPlugin:80 - create IPUIPlugin
2023-11-04 13:01:42,870 [INFO] IPUIPlugin:80 - create IPUIPlugin
2023-11-04 13:01:42,870 [INFO] IPUIPlugin:80 - create IPUIPlugin
2023-11-04 13:01:42,871 [INFO] IPUIPlugin:80 - create IPUIPlugin
2023-11-04 13:01:43,244 [INFO] CADModel:165 - CPN selected for project levelSTM32F103RBT6
2023-11-04 13:01:43,244 [INFO] CADModel:114 - Register for checkConnection events
2023-11-04 13:01:43,316 [INFO] OpenFileManager:328 - Restore cursor
2023-11-04 13:01:45,880 [INFO] UtilMem:75 - End SaveConfig() Used Memory: 592153928 Bytes (772800512)
2023-11-04 13:01:46,009 [INFO] UtilMem:75 - End SaveConfig() Used Memory: 605785416 Bytes (772800512)
2023-11-04 13:01:47,251 [INFO] BlockDiagram:2759 - set Specific Code input for plugin: NVIC
2023-11-04 13:01:47,251 [INFO] BlockDiagram:2759 - set Specific Code input for plugin: RCC
2023-11-04 13:01:47,253 [INFO] CodeGenerator:793 - code generatio: config db path: C:\ST\STM32CubeIDE_1.12.1\STM32CubeIDE\plugins\com.st.stm32cube.common.mx_6.8.1.202304191431\\db\
2023-11-04 13:01:48,477 [INFO] CodeEngine:255 - oldGeneratedFile, D:\231_semester\Microprocessor\assignment\trafficlight\MXTmpFiles\license.tmp_save
2023-11-04 13:01:52,383 [INFO] CodeEngine:279 - Generated code: D:\231_semester\Microprocessor\assignment\trafficlight\MXTmpFiles\license.tmp
2023-11-04 13:01:52,428 [INFO] CodeEngine:255 - oldGeneratedFile, D:\231_semester\Microprocessor\assignment\trafficlight\Core\Src\stm32f1xx_it.c_save
2023-11-04 13:01:53,017 [INFO] CodeEngine:279 - Generated code: D:\231_semester\Microprocessor\assignment\trafficlight\Core\Src\stm32f1xx_it.c
2023-11-04 13:01:53,042 [INFO] CodeEngine:255 - oldGeneratedFile, D:\231_semester\Microprocessor\assignment\trafficlight\Core\Inc\stm32f1xx_it.h_save
2023-11-04 13:01:53,229 [INFO] CodeEngine:279 - Generated code: D:\231_semester\Microprocessor\assignment\trafficlight\Core\Inc\stm32f1xx_it.h
2023-11-04 13:01:53,485 [INFO] CodeEngine:255 - oldGeneratedFile, D:\231_semester\Microprocessor\assignment\trafficlight\Core\Src\stm32f1xx_hal_msp.c_save
2023-11-04 13:01:53,838 [INFO] CodeEngine:279 - Generated code: D:\231_semester\Microprocessor\assignment\trafficlight\Core\Src\stm32f1xx_hal_msp.c
2023-11-04 13:01:53,857 [INFO] CodeEngine:255 - oldGeneratedFile, D:\231_semester\Microprocessor\assignment\trafficlight\MXTmpFiles\system.tmp_save
2023-11-04 13:01:54,080 [INFO] CodeEngine:279 - Generated code: D:\231_semester\Microprocessor\assignment\trafficlight\MXTmpFiles\system.tmp
2023-11-04 13:01:54,119 [INFO] CodeEngine:311 - oldGeneratedFile, D:\231_semester\Microprocessor\assignment\trafficlight\Core\Inc\stm32f1xx_hal_conf.h_save
2023-11-04 13:01:54,637 [INFO] CodeEngine:335 - Generated code: D:\231_semester\Microprocessor\assignment\trafficlight\Core\Inc\stm32f1xx_hal_conf.h
2023-11-04 13:01:55,002 [INFO] CodeEngine:255 - oldGeneratedFile, D:\231_semester\Microprocessor\assignment\trafficlight\Core\Inc\main.h_save
2023-11-04 13:01:55,519 [INFO] CodeEngine:279 - Generated code: D:\231_semester\Microprocessor\assignment\trafficlight\Core\Inc\main.h
2023-11-04 13:01:55,545 [INFO] CodeEngine:255 - oldGeneratedFile, D:\231_semester\Microprocessor\assignment\trafficlight\Core\Src\main.c_save
2023-11-04 13:01:55,912 [INFO] CodeEngine:279 - Generated code: D:\231_semester\Microprocessor\assignment\trafficlight\Core\Src\main.c
2023-11-04 13:01:58,317 [INFO] ProjectBuilder:2996 - Time for Copy HAL[1] : 239mS.
2023-11-04 13:01:58,345 [INFO] ProjectBuilder:4304 - Project Generator version: 3.19.2
2023-11-04 13:01:59,469 [INFO] ConfigFileManager:1483 - The Die is : DIE410
2023-11-04 13:01:59,569 [INFO] ApiDbMcu:507 - Load IP Config File for FATFS
2023-11-04 13:01:59,732 [INFO] ApiDbMcu:507 - Load IP Config File for FREERTOS
2023-11-04 13:01:59,820 [INFO] ApiDbMcu:507 - Load IP Config File for USB_DEVICE
2023-11-04 13:02:02,789 [INFO] LogOutputStream:77 - [STDOUT_REDIRECT] 
2023-11-04 13:02:11,919 [INFO] ProjectBuilder:4505 - Time for Generating toolchain IDE Files: 13572mS.
2023-11-04 13:02:11,920 [INFO] ProjectBuilder:2867 - Time for Copy CMSIS : 1mS.
2023-11-04 13:02:11,923 [INFO] ProjectBuilder:2867 - Time for Copy CMSIS : 0mS.
2023-11-04 13:02:14,778 [INFO] McuFinderGlobals:66 - Set McuFinderConnectedMode to true
2023-11-04 13:02:14,783 [INFO] ApiDb:448 - Save user favorites file C:\Users\Admin/.stm32cubeide/favorites.mcus.txt: 0 item(s)
2023-11-04 13:02:14,784 [INFO] ApiDb:452 - User favorites MCUs=[]
2023-11-04 14:05:16,683 [INFO] NvicIntPanel:101 - NVIC parent = com.st.microxplorer.plugins.ip.nvic.MultiNvicIntPanel[,0,0,0x0,invalid,layout=javax.swing.BoxLayout,alignmentX=0.0,alignmentY=0.0,border=,flags=9,maximumSize=,minimumSize=,preferredSize=]
2023-11-04 14:10:12,897 [INFO] NvicIntPanel:101 - NVIC parent = com.st.microxplorer.plugins.ip.nvic.MultiNvicIntPanel[,0,0,0x0,invalid,layout=javax.swing.BoxLayout,alignmentX=0.0,alignmentY=0.0,border=,flags=9,maximumSize=,minimumSize=,preferredSize=]
2023-11-04 14:10:16,652 [INFO] NvicIntPanel:101 - NVIC parent = com.st.microxplorer.plugins.ip.nvic.MultiNvicIntPanel[,0,0,0x0,invalid,layout=javax.swing.BoxLayout,alignmentX=0.0,alignmentY=0.0,border=,flags=9,maximumSize=,minimumSize=,preferredSize=]
2023-11-04 14:10:18,368 [INFO] NvicIntPanel:101 - NVIC parent = com.st.microxplorer.plugins.ip.nvic.MultiNvicIntPanel[,0,0,0x0,invalid,layout=javax.swing.BoxLayout,alignmentX=0.0,alignmentY=0.0,border=,flags=9,maximumSize=,minimumSize=,preferredSize=]
2023-11-04 14:10:29,441 [INFO] NvicIntPanel:101 - NVIC parent = com.st.microxplorer.plugins.ip.nvic.MultiNvicIntPanel[,0,0,0x0,invalid,layout=javax.swing.BoxLayout,alignmentX=0.0,alignmentY=0.0,border=,flags=9,maximumSize=,minimumSize=,preferredSize=]
2023-11-04 14:11:45,602 [INFO] NvicIntPanel:101 - NVIC parent = com.st.microxplorer.plugins.ip.nvic.MultiNvicIntPanel[,0,0,0x0,invalid,layout=javax.swing.BoxLayout,alignmentX=0.0,alignmentY=0.0,border=,flags=9,maximumSize=,minimumSize=,preferredSize=]
2023-11-04 14:11:45,812 [INFO] NvicIntPanel:101 - NVIC parent = com.st.microxplorer.plugins.ip.nvic.MultiNvicIntPanel[,0,0,0x0,invalid,layout=javax.swing.BoxLayout,alignmentX=0.0,alignmentY=0.0,border=,flags=9,maximumSize=,minimumSize=,preferredSize=]
2023-11-04 14:11:48,935 [INFO] NvicIntPanel:101 - NVIC parent = com.st.microxplorer.plugins.ip.nvic.MultiNvicIntPanel[,0,0,0x0,invalid,layout=javax.swing.BoxLayout,alignmentX=0.0,alignmentY=0.0,border=,flags=9,maximumSize=,minimumSize=,preferredSize=]
2023-11-04 14:11:49,078 [INFO] NvicIntPanel:101 - NVIC parent = com.st.microxplorer.plugins.ip.nvic.MultiNvicIntPanel[,0,0,0x0,invalid,layout=javax.swing.BoxLayout,alignmentX=0.0,alignmentY=0.0,border=,flags=9,maximumSize=,minimumSize=,preferredSize=]
2023-11-04 14:11:49,288 [INFO] NvicIntPanel:101 - NVIC parent = com.st.microxplorer.plugins.ip.nvic.MultiNvicIntPanel[,0,0,0x0,invalid,layout=javax.swing.BoxLayout,alignmentX=0.0,alignmentY=0.0,border=,flags=9,maximumSize=,minimumSize=,preferredSize=]
2023-11-04 14:12:30,039 [INFO] NvicIntPanel:101 - NVIC parent = com.st.microxplorer.plugins.ip.nvic.MultiNvicIntPanel[,0,0,0x0,invalid,layout=javax.swing.BoxLayout,alignmentX=0.0,alignmentY=0.0,border=,flags=9,maximumSize=,minimumSize=,preferredSize=]
2023-11-04 14:12:30,253 [INFO] NvicIntPanel:101 - NVIC parent = com.st.microxplorer.plugins.ip.nvic.MultiNvicIntPanel[,0,0,0x0,invalid,layout=javax.swing.BoxLayout,alignmentX=0.0,alignmentY=0.0,border=,flags=9,maximumSize=,minimumSize=,preferredSize=]
2023-11-04 14:12:45,452 [INFO] NvicIntPanel:101 - NVIC parent = com.st.microxplorer.plugins.ip.nvic.MultiNvicIntPanel[,0,0,0x0,invalid,layout=javax.swing.BoxLayout,alignmentX=0.0,alignmentY=0.0,border=,flags=9,maximumSize=,minimumSize=,preferredSize=]
2023-11-04 14:12:45,675 [INFO] NvicIntPanel:101 - NVIC parent = com.st.microxplorer.plugins.ip.nvic.MultiNvicIntPanel[,0,0,0x0,invalid,layout=javax.swing.BoxLayout,alignmentX=0.0,alignmentY=0.0,border=,flags=9,maximumSize=,minimumSize=,preferredSize=]
2023-11-04 14:13:10,570 [INFO] NvicIntPanel:101 - NVIC parent = com.st.microxplorer.plugins.ip.nvic.MultiNvicIntPanel[,0,0,0x0,invalid,layout=javax.swing.BoxLayout,alignmentX=0.0,alignmentY=0.0,border=,flags=9,maximumSize=,minimumSize=,preferredSize=]
2023-11-04 14:13:10,802 [INFO] NvicIntPanel:101 - NVIC parent = com.st.microxplorer.plugins.ip.nvic.MultiNvicIntPanel[,0,0,0x0,invalid,layout=javax.swing.BoxLayout,alignmentX=0.0,alignmentY=0.0,border=,flags=9,maximumSize=,minimumSize=,preferredSize=]
2023-11-04 14:14:33,428 [INFO] NvicIntPanel:101 - NVIC parent = com.st.microxplorer.plugins.ip.nvic.MultiNvicIntPanel[,0,0,0x0,invalid,layout=javax.swing.BoxLayout,alignmentX=0.0,alignmentY=0.0,border=,flags=9,maximumSize=,minimumSize=,preferredSize=]
2023-11-04 14:14:33,698 [INFO] NvicIntPanel:101 - NVIC parent = com.st.microxplorer.plugins.ip.nvic.MultiNvicIntPanel[,0,0,0x0,invalid,layout=javax.swing.BoxLayout,alignmentX=0.0,alignmentY=0.0,border=,flags=9,maximumSize=,minimumSize=,preferredSize=]
2023-11-04 14:14:53,824 [INFO] NvicIntPanel:101 - NVIC parent = com.st.microxplorer.plugins.ip.nvic.MultiNvicIntPanel[,0,0,0x0,invalid,layout=javax.swing.BoxLayout,alignmentX=0.0,alignmentY=0.0,border=,flags=9,maximumSize=,minimumSize=,preferredSize=]
2023-11-04 14:14:54,038 [INFO] NvicIntPanel:101 - NVIC parent = com.st.microxplorer.plugins.ip.nvic.MultiNvicIntPanel[,0,0,0x0,invalid,layout=javax.swing.BoxLayout,alignmentX=0.0,alignmentY=0.0,border=,flags=9,maximumSize=,minimumSize=,preferredSize=]
2023-11-04 14:16:28,762 [INFO] NvicIntPanel:101 - NVIC parent = com.st.microxplorer.plugins.ip.nvic.MultiNvicIntPanel[,0,0,0x0,invalid,layout=javax.swing.BoxLayout,alignmentX=0.0,alignmentY=0.0,border=,flags=9,maximumSize=,minimumSize=,preferredSize=]
2023-11-04 14:16:28,987 [INFO] NvicIntPanel:101 - NVIC parent = com.st.microxplorer.plugins.ip.nvic.MultiNvicIntPanel[,0,0,0x0,invalid,layout=javax.swing.BoxLayout,alignmentX=0.0,alignmentY=0.0,border=,flags=9,maximumSize=,minimumSize=,preferredSize=]
2023-11-04 14:16:35,444 [INFO] NvicIntPanel:101 - NVIC parent = com.st.microxplorer.plugins.ip.nvic.MultiNvicIntPanel[,0,0,0x0,invalid,layout=javax.swing.BoxLayout,alignmentX=0.0,alignmentY=0.0,border=,flags=9,maximumSize=,minimumSize=,preferredSize=]
2023-11-04 14:16:35,681 [INFO] NvicIntPanel:101 - NVIC parent = com.st.microxplorer.plugins.ip.nvic.MultiNvicIntPanel[,0,0,0x0,invalid,layout=javax.swing.BoxLayout,alignmentX=0.0,alignmentY=0.0,border=,flags=9,maximumSize=,minimumSize=,preferredSize=]
2023-11-04 14:16:46,522 [INFO] NvicIntPanel:101 - NVIC parent = com.st.microxplorer.plugins.ip.nvic.MultiNvicIntPanel[,0,0,0x0,invalid,layout=javax.swing.BoxLayout,alignmentX=0.0,alignmentY=0.0,border=,flags=9,maximumSize=,minimumSize=,preferredSize=]
2023-11-04 14:16:46,727 [INFO] NvicIntPanel:101 - NVIC parent = com.st.microxplorer.plugins.ip.nvic.MultiNvicIntPanel[,0,0,0x0,invalid,layout=javax.swing.BoxLayout,alignmentX=0.0,alignmentY=0.0,border=,flags=9,maximumSize=,minimumSize=,preferredSize=]
2023-11-04 14:17:59,392 [INFO] NvicIntPanel:101 - NVIC parent = com.st.microxplorer.plugins.ip.nvic.MultiNvicIntPanel[,0,0,0x0,invalid,layout=javax.swing.BoxLayout,alignmentX=0.0,alignmentY=0.0,border=,flags=9,maximumSize=,minimumSize=,preferredSize=]
2023-11-04 14:17:59,600 [INFO] NvicIntPanel:101 - NVIC parent = com.st.microxplorer.plugins.ip.nvic.MultiNvicIntPanel[,0,0,0x0,invalid,layout=javax.swing.BoxLayout,alignmentX=0.0,alignmentY=0.0,border=,flags=9,maximumSize=,minimumSize=,preferredSize=]
2023-11-04 14:18:02,277 [INFO] NvicIntPanel:101 - NVIC parent = com.st.microxplorer.plugins.ip.nvic.MultiNvicIntPanel[,0,0,0x0,invalid,layout=javax.swing.BoxLayout,alignmentX=0.0,alignmentY=0.0,border=,flags=9,maximumSize=,minimumSize=,preferredSize=]
2023-11-04 14:18:02,521 [INFO] NvicIntPanel:101 - NVIC parent = com.st.microxplorer.plugins.ip.nvic.MultiNvicIntPanel[,0,0,0x0,invalid,layout=javax.swing.BoxLayout,alignmentX=0.0,alignmentY=0.0,border=,flags=9,maximumSize=,minimumSize=,preferredSize=]
2023-11-04 14:18:05,033 [INFO] NvicIntPanel:101 - NVIC parent = com.st.microxplorer.plugins.ip.nvic.MultiNvicIntPanel[,0,0,0x0,invalid,layout=javax.swing.BoxLayout,alignmentX=0.0,alignmentY=0.0,border=,flags=9,maximumSize=,minimumSize=,preferredSize=]
2023-11-04 14:18:05,221 [INFO] NvicIntPanel:101 - NVIC parent = com.st.microxplorer.plugins.ip.nvic.MultiNvicIntPanel[,0,0,0x0,invalid,layout=javax.swing.BoxLayout,alignmentX=0.0,alignmentY=0.0,border=,flags=9,maximumSize=,minimumSize=,preferredSize=]
2023-11-04 14:20:38,444 [INFO] NvicIntPanel:101 - NVIC parent = com.st.microxplorer.plugins.ip.nvic.MultiNvicIntPanel[,0,0,0x0,invalid,layout=javax.swing.BoxLayout,alignmentX=0.0,alignmentY=0.0,border=,flags=9,maximumSize=,minimumSize=,preferredSize=]
2023-11-04 14:20:45,258 [INFO] NvicIntPanel:101 - NVIC parent = com.st.microxplorer.plugins.ip.nvic.MultiNvicIntPanel[,0,0,0x0,invalid,layout=javax.swing.BoxLayout,alignmentX=0.0,alignmentY=0.0,border=,flags=9,maximumSize=,minimumSize=,preferredSize=]
2023-11-04 14:21:15,480 [INFO] NvicIntPanel:101 - NVIC parent = com.st.microxplorer.plugins.ip.nvic.MultiNvicIntPanel[,0,0,450x170,layout=javax.swing.BoxLayout,alignmentX=0.0,alignmentY=0.0,border=,flags=9,maximumSize=,minimumSize=,preferredSize=]
2023-11-04 14:21:21,337 [INFO] NvicIntPanel:101 - NVIC parent = com.st.microxplorer.plugins.ip.nvic.MultiNvicIntPanel[,0,0,0x0,invalid,layout=javax.swing.BoxLayout,alignmentX=0.0,alignmentY=0.0,border=,flags=9,maximumSize=,minimumSize=,preferredSize=]
2023-11-04 14:21:25,868 [INFO] NvicIntPanel:101 - NVIC parent = com.st.microxplorer.plugins.ip.nvic.MultiNvicIntPanel[,0,0,0x0,invalid,layout=javax.swing.BoxLayout,alignmentX=0.0,alignmentY=0.0,border=,flags=9,maximumSize=,minimumSize=,preferredSize=]
2023-11-04 14:21:28,140 [INFO] NvicIntPanel:101 - NVIC parent = com.st.microxplorer.plugins.ip.nvic.MultiNvicIntPanel[,0,0,0x0,invalid,layout=javax.swing.BoxLayout,alignmentX=0.0,alignmentY=0.0,border=,flags=9,maximumSize=,minimumSize=,preferredSize=]
2023-11-04 14:21:29,989 [INFO] NvicIntPanel:101 - NVIC parent = com.st.microxplorer.plugins.ip.nvic.MultiNvicIntPanel[,0,0,0x0,invalid,layout=javax.swing.BoxLayout,alignmentX=0.0,alignmentY=0.0,border=,flags=9,maximumSize=,minimumSize=,preferredSize=]
2023-11-04 14:21:34,743 [INFO] NvicIntPanel:101 - NVIC parent = com.st.microxplorer.plugins.ip.nvic.MultiNvicIntPanel[,0,0,0x0,invalid,layout=javax.swing.BoxLayout,alignmentX=0.0,alignmentY=0.0,border=,flags=9,maximumSize=,minimumSize=,preferredSize=]
2023-11-04 14:21:37,150 [INFO] NvicIntPanel:101 - NVIC parent = com.st.microxplorer.plugins.ip.nvic.MultiNvicIntPanel[,0,0,0x0,invalid,layout=javax.swing.BoxLayout,alignmentX=0.0,alignmentY=0.0,border=,flags=9,maximumSize=,minimumSize=,preferredSize=]
2023-11-04 14:21:40,770 [INFO] NvicIntPanel:101 - NVIC parent = com.st.microxplorer.plugins.ip.nvic.MultiNvicIntPanel[,0,0,0x0,invalid,layout=javax.swing.BoxLayout,alignmentX=0.0,alignmentY=0.0,border=,flags=9,maximumSize=,minimumSize=,preferredSize=]
2023-11-04 14:21:47,561 [INFO] NvicIntPanel:101 - NVIC parent = com.st.microxplorer.plugins.ip.nvic.MultiNvicIntPanel[,0,0,0x0,invalid,layout=javax.swing.BoxLayout,alignmentX=0.0,alignmentY=0.0,border=,flags=9,maximumSize=,minimumSize=,preferredSize=]
2023-11-04 14:21:49,356 [INFO] NvicIntPanel:101 - NVIC parent = com.st.microxplorer.plugins.ip.nvic.MultiNvicIntPanel[,0,0,0x0,invalid,layout=javax.swing.BoxLayout,alignmentX=0.0,alignmentY=0.0,border=,flags=9,maximumSize=,minimumSize=,preferredSize=]
2023-11-04 14:21:58,687 [INFO] NvicIntPanel:101 - NVIC parent = com.st.microxplorer.plugins.ip.nvic.MultiNvicIntPanel[,0,0,0x0,invalid,layout=javax.swing.BoxLayout,alignmentX=0.0,alignmentY=0.0,border=,flags=9,maximumSize=,minimumSize=,preferredSize=]
2023-11-04 14:22:28,090 [INFO] NvicIntPanel:101 - NVIC parent = com.st.microxplorer.plugins.ip.nvic.MultiNvicIntPanel[,0,0,0x0,invalid,layout=javax.swing.BoxLayout,alignmentX=0.0,alignmentY=0.0,border=,flags=9,maximumSize=,minimumSize=,preferredSize=]
2023-11-04 14:22:36,902 [INFO] UtilMem:75 - End SaveConfig() Used Memory: 545017160 Bytes (910163968)
2023-11-04 14:22:38,509 [INFO] UtilMem:75 - End SaveConfig() Used Memory: 533968096 Bytes (910163968)
2023-11-04 14:22:43,425 [INFO] UtilMem:75 - End SaveConfig() Used Memory: 665886848 Bytes (910163968)
2023-11-04 14:22:44,161 [INFO] BlockDiagram:2759 - set Specific Code input for plugin: NVIC
2023-11-04 14:22:44,161 [INFO] BlockDiagram:2759 - set Specific Code input for plugin: USART
2023-11-04 14:22:44,161 [INFO] BlockDiagram:2759 - set Specific Code input for plugin: TIM1_8F1
2023-11-04 14:22:44,161 [INFO] BlockDiagram:2759 - set Specific Code input for plugin: TIM1_8F1
2023-11-04 14:22:44,161 [INFO] BlockDiagram:2759 - set Specific Code input for plugin: SYS
2023-11-04 14:22:44,161 [INFO] BlockDiagram:2759 - set Specific Code input for plugin: GPIO
2023-11-04 14:22:44,161 [INFO] BlockDiagram:2759 - set Specific Code input for plugin: RCC
2023-11-04 14:22:44,162 [INFO] CodeGenerator:793 - code generatio: config db path: C:\ST\STM32CubeIDE_1.12.1\STM32CubeIDE\plugins\com.st.stm32cube.common.mx_6.8.1.202304191431\\db\
2023-11-04 14:22:44,405 [INFO] CodeEngine:255 - oldGeneratedFile, D:\231_semester\Microprocessor\assignment\trafficlight\MXTmpFiles\license.tmp_save
2023-11-04 14:22:44,789 [INFO] CodeEngine:279 - Generated code: D:\231_semester\Microprocessor\assignment\trafficlight\MXTmpFiles\license.tmp
2023-11-04 14:22:44,940 [INFO] CodeEngine:255 - oldGeneratedFile, D:\231_semester\Microprocessor\assignment\trafficlight\MXTmpFiles\gpio.tmp_save
2023-11-04 14:22:45,363 [INFO] CodeEngine:279 - Generated code: D:\231_semester\Microprocessor\assignment\trafficlight\MXTmpFiles\gpio.tmp
2023-11-04 14:22:46,025 [INFO] CodeEngine:255 - oldGeneratedFile, D:\231_semester\Microprocessor\assignment\trafficlight\Core\Src\stm32f1xx_it.c_save
2023-11-04 14:22:46,841 [INFO] CodeEngine:279 - Generated code: D:\231_semester\Microprocessor\assignment\trafficlight\Core\Src\stm32f1xx_it.c
2023-11-04 14:22:46,849 [INFO] CodeEngine:255 - oldGeneratedFile, D:\231_semester\Microprocessor\assignment\trafficlight\Core\Inc\stm32f1xx_it.h_save
2023-11-04 14:22:46,990 [INFO] CodeEngine:279 - Generated code: D:\231_semester\Microprocessor\assignment\trafficlight\Core\Inc\stm32f1xx_it.h
2023-11-04 14:22:47,054 [INFO] CodeEngine:255 - oldGeneratedFile, D:\231_semester\Microprocessor\assignment\trafficlight\Core\Src\stm32f1xx_hal_msp.c_save
2023-11-04 14:22:47,343 [INFO] CodeEngine:279 - Generated code: D:\231_semester\Microprocessor\assignment\trafficlight\Core\Src\stm32f1xx_hal_msp.c
2023-11-04 14:22:47,350 [INFO] CodeEngine:255 - oldGeneratedFile, D:\231_semester\Microprocessor\assignment\trafficlight\MXTmpFiles\system.tmp_save
2023-11-04 14:22:47,520 [INFO] CodeEngine:279 - Generated code: D:\231_semester\Microprocessor\assignment\trafficlight\MXTmpFiles\system.tmp
2023-11-04 14:22:47,559 [INFO] CodeEngine:311 - oldGeneratedFile, D:\231_semester\Microprocessor\assignment\trafficlight\Core\Inc\stm32f1xx_hal_conf.h_save
2023-11-04 14:22:47,825 [INFO] CodeEngine:335 - Generated code: D:\231_semester\Microprocessor\assignment\trafficlight\Core\Inc\stm32f1xx_hal_conf.h
2023-11-04 14:22:47,895 [WARN] IPConfigManager:3431 - IP not found : TIM
2023-11-04 14:22:47,898 [WARN] CodeGenerator:3754 - IP not found : null
2023-11-04 14:22:47,949 [INFO] CodeEngine:255 - oldGeneratedFile, D:\231_semester\Microprocessor\assignment\trafficlight\Core\Inc\main.h_save
2023-11-04 14:22:48,139 [INFO] CodeEngine:279 - Generated code: D:\231_semester\Microprocessor\assignment\trafficlight\Core\Inc\main.h
2023-11-04 14:22:48,168 [INFO] CodeEngine:255 - oldGeneratedFile, D:\231_semester\Microprocessor\assignment\trafficlight\Core\Src\main.c_save
2023-11-04 14:22:48,476 [INFO] CodeEngine:279 - Generated code: D:\231_semester\Microprocessor\assignment\trafficlight\Core\Src\main.c
2023-11-04 14:22:49,690 [INFO] ProjectBuilder:2996 - Time for Copy HAL[1] : 206mS.
2023-11-04 14:22:49,696 [INFO] ProjectBuilder:4304 - Project Generator version: 3.19.2
2023-11-04 14:22:50,447 [INFO] ConfigFileManager:1483 - The Die is : DIE410
2023-11-04 14:22:56,705 [INFO] ProjectBuilder:4505 - Time for Generating toolchain IDE Files: 7008mS.
2023-11-04 14:22:56,705 [INFO] ProjectBuilder:2867 - Time for Copy CMSIS : 0mS.
2023-11-04 14:22:56,707 [INFO] ProjectBuilder:2867 - Time for Copy CMSIS : 0mS.
2023-11-04 14:57:48,294 [INFO] UtilMem:75 - End SaveConfig() Used Memory: 733644264 Bytes (960495616)
2023-11-04 14:57:49,785 [INFO] UtilMem:75 - End SaveConfig() Used Memory: 755659672 Bytes (960495616)
2023-11-04 14:57:53,381 [INFO] UtilMem:75 - End SaveConfig() Used Memory: 592252936 Bytes (960495616)
2023-11-04 14:57:54,519 [INFO] BlockDiagram:2759 - set Specific Code input for plugin: NVIC
2023-11-04 14:57:54,519 [INFO] BlockDiagram:2759 - set Specific Code input for plugin: USART
2023-11-04 14:57:54,520 [INFO] BlockDiagram:2759 - set Specific Code input for plugin: TIM1_8F1
2023-11-04 14:57:54,520 [INFO] BlockDiagram:2759 - set Specific Code input for plugin: TIM1_8F1
2023-11-04 14:57:54,520 [INFO] BlockDiagram:2759 - set Specific Code input for plugin: SYS
2023-11-04 14:57:54,521 [INFO] BlockDiagram:2759 - set Specific Code input for plugin: GPIO
2023-11-04 14:57:54,521 [INFO] BlockDiagram:2759 - set Specific Code input for plugin: RCC
2023-11-04 14:57:54,526 [INFO] CodeGenerator:793 - code generatio: config db path: C:\ST\STM32CubeIDE_1.12.1\STM32CubeIDE\plugins\com.st.stm32cube.common.mx_6.8.1.202304191431\\db\
2023-11-04 14:57:55,298 [INFO] CodeEngine:255 - oldGeneratedFile, D:\231_semester\Microprocessor\assignment\trafficlight\MXTmpFiles\license.tmp_save
2023-11-04 14:57:56,979 [INFO] CodeEngine:279 - Generated code: D:\231_semester\Microprocessor\assignment\trafficlight\MXTmpFiles\license.tmp
2023-11-04 14:57:57,057 [INFO] CodeEngine:255 - oldGeneratedFile, D:\231_semester\Microprocessor\assignment\trafficlight\MXTmpFiles\gpio.tmp_save
2023-11-04 14:57:57,582 [INFO] CodeEngine:279 - Generated code: D:\231_semester\Microprocessor\assignment\trafficlight\MXTmpFiles\gpio.tmp
2023-11-04 14:57:58,553 [INFO] CodeEngine:255 - oldGeneratedFile, D:\231_semester\Microprocessor\assignment\trafficlight\Core\Src\stm32f1xx_it.c_save
2023-11-04 14:57:59,685 [INFO] CodeEngine:279 - Generated code: D:\231_semester\Microprocessor\assignment\trafficlight\Core\Src\stm32f1xx_it.c
2023-11-04 14:57:59,702 [INFO] CodeEngine:255 - oldGeneratedFile, D:\231_semester\Microprocessor\assignment\trafficlight\Core\Inc\stm32f1xx_it.h_save
2023-11-04 14:58:00,288 [INFO] CodeEngine:279 - Generated code: D:\231_semester\Microprocessor\assignment\trafficlight\Core\Inc\stm32f1xx_it.h
2023-11-04 14:58:00,528 [INFO] CodeEngine:255 - oldGeneratedFile, D:\231_semester\Microprocessor\assignment\trafficlight\Core\Src\stm32f1xx_hal_msp.c_save
2023-11-04 14:58:01,784 [INFO] CodeEngine:279 - Generated code: D:\231_semester\Microprocessor\assignment\trafficlight\Core\Src\stm32f1xx_hal_msp.c
2023-11-04 14:58:01,816 [INFO] CodeEngine:255 - oldGeneratedFile, D:\231_semester\Microprocessor\assignment\trafficlight\MXTmpFiles\system.tmp_save
2023-11-04 14:58:02,285 [INFO] CodeEngine:279 - Generated code: D:\231_semester\Microprocessor\assignment\trafficlight\MXTmpFiles\system.tmp
2023-11-04 14:58:02,396 [INFO] CodeEngine:311 - oldGeneratedFile, D:\231_semester\Microprocessor\assignment\trafficlight\Core\Inc\stm32f1xx_hal_conf.h_save
2023-11-04 14:58:03,009 [INFO] CodeEngine:335 - Generated code: D:\231_semester\Microprocessor\assignment\trafficlight\Core\Inc\stm32f1xx_hal_conf.h
2023-11-04 14:58:03,142 [WARN] IPConfigManager:3431 - IP not found : TIM
2023-11-04 14:58:03,146 [WARN] CodeGenerator:3754 - IP not found : null
2023-11-04 14:58:03,215 [INFO] CodeEngine:255 - oldGeneratedFile, D:\231_semester\Microprocessor\assignment\trafficlight\Core\Inc\main.h_save
2023-11-04 14:58:04,331 [INFO] CodeEngine:279 - Generated code: D:\231_semester\Microprocessor\assignment\trafficlight\Core\Inc\main.h
2023-11-04 14:58:04,378 [INFO] CodeEngine:255 - oldGeneratedFile, D:\231_semester\Microprocessor\assignment\trafficlight\Core\Src\main.c_save
2023-11-04 14:58:05,315 [INFO] CodeEngine:279 - Generated code: D:\231_semester\Microprocessor\assignment\trafficlight\Core\Src\main.c
2023-11-04 14:58:08,003 [INFO] ProjectBuilder:2996 - Time for Copy HAL[1] : 288mS.
2023-11-04 14:58:08,010 [INFO] ProjectBuilder:4304 - Project Generator version: 3.19.2
2023-11-04 14:58:09,445 [INFO] ConfigFileManager:1483 - The Die is : DIE410
2023-11-04 14:58:16,560 [INFO] ProjectBuilder:4505 - Time for Generating toolchain IDE Files: 8549mS.
2023-11-04 14:58:16,562 [INFO] ProjectBuilder:2867 - Time for Copy CMSIS : 1mS.
2023-11-04 14:58:16,586 [INFO] ProjectBuilder:2867 - Time for Copy CMSIS : 1mS.
